============================= test session starts ==============================
platform linux -- Python 3.12.3, pytest-9.0.2, pluggy-1.6.0 -- /home/jeffr/code/kfchess-cc/server/.venv/bin/python3
cachedir: .pytest_cache
rootdir: /home/jeffr/code/kfchess-cc/server
configfile: pyproject.toml
plugins: anyio-4.12.1, cov-7.0.0, asyncio-1.3.0
asyncio: mode=Mode.AUTO, debug=False, asyncio_default_fixture_loop_scope=None, asyncio_default_test_loop_scope=function
collecting ... collected 1263 items / 6 deselected / 1257 selected

tests/integration/auth/test_dev_mode.py::TestDevModeBypass::test_dev_mode_bypasses_auth_for_users_me PASSED [  0%]
tests/integration/auth/test_dev_mode.py::TestDevModeBypass::test_dev_mode_does_not_override_authenticated_user PASSED [  0%]
tests/integration/auth/test_dev_mode.py::TestDevModeBypass::test_dev_mode_off_requires_auth PASSED [  0%]
tests/integration/auth/test_dev_mode.py::TestDevModeBypass::test_dev_mode_with_nonexistent_user_fails PASSED [  0%]
tests/integration/auth/test_google_oauth.py::TestGoogleOAuthRoutes::test_oauth_authorize_available_when_enabled PASSED [  0%]
tests/integration/auth/test_google_oauth.py::TestGoogleOAuthRoutes::test_oauth_callback_endpoint_exists PASSED [  0%]
tests/integration/auth/test_google_oauth.py::TestGoogleOAuthLegacyUserMigration::test_legacy_user_lookup_by_google_id PASSED [  0%]
tests/integration/auth/test_google_oauth.py::TestGoogleOAuthLegacyUserMigration::test_user_manager_oauth_callback_finds_legacy_user PASSED [  0%]
tests/integration/auth/test_google_oauth.py::TestGoogleOAuthLegacyUserMigration::test_user_manager_oauth_callback_creates_new_user_when_no_legacy PASSED [  0%]
tests/integration/auth/test_google_oauth.py::TestGoogleOAuthLegacyUserRegistrationBlock::test_registration_blocked_for_legacy_google_email PASSED [  0%]
tests/integration/auth/test_google_oauth.py::TestGoogleOAuthEdgeCases::test_oauth_callback_email_exists_as_password_user PASSED [  0%]
tests/integration/auth/test_google_oauth.py::TestGoogleOAuthEdgeCases::test_oauth_callback_returns_user_from_existing_oauth_account PASSED [  0%]
tests/integration/auth/test_google_oauth.py::TestGoogleOAuthEdgeCases::test_oauth_callback_with_expired_token_logs_warning PASSED [  1%]
tests/integration/auth/test_google_oauth.py::TestGoogleOAuthEdgeCases::test_oauth_callback_with_empty_token_logs_warning PASSED [  1%]
tests/integration/auth/test_login_flow.py::TestLoginFlow::test_login_success PASSED [  1%]
tests/integration/auth/test_login_flow.py::TestLoginFlow::test_login_wrong_password_fails PASSED [  1%]
tests/integration/auth/test_login_flow.py::TestLoginFlow::test_login_nonexistent_user_fails PASSED [  1%]
tests/integration/auth/test_login_flow.py::TestLoginFlow::test_login_missing_username_fails PASSED [  1%]
tests/integration/auth/test_login_flow.py::TestLoginFlow::test_login_missing_password_fails PASSED [  1%]
tests/integration/auth/test_login_flow.py::TestSessionManagement::test_access_me_without_login_fails PASSED [  1%]
tests/integration/auth/test_login_flow.py::TestSessionManagement::test_access_me_after_login_succeeds PASSED [  1%]
tests/integration/auth/test_login_flow.py::TestSessionManagement::test_logout_clears_session PASSED [  1%]
tests/integration/auth/test_login_flow.py::TestSessionManagement::test_multiple_logins_work PASSED [  1%]
tests/integration/auth/test_login_flow.py::TestUserUpdate::test_update_username PASSED [  1%]
tests/integration/auth/test_login_flow.py::TestUserUpdate::test_update_password PASSED [  1%]
tests/integration/auth/test_login_flow.py::TestUserUpdate::test_update_password_old_password_fails PASSED [  2%]
tests/integration/auth/test_login_flow.py::TestUserUpdate::test_update_picture_url PASSED [  2%]
tests/integration/auth/test_login_flow.py::TestUserUpdate::test_update_without_login_fails PASSED [  2%]
tests/integration/auth/test_login_flow.py::TestUserUpdate::test_update_password_too_short_fails PASSED [  2%]
tests/integration/auth/test_registration_flow.py::TestRegistrationFlow::test_register_new_user_success PASSED [  2%]
tests/integration/auth/test_registration_flow.py::TestRegistrationFlow::test_register_generates_random_username PASSED [  2%]
tests/integration/auth/test_registration_flow.py::TestRegistrationFlow::test_register_with_custom_username PASSED [  2%]
tests/integration/auth/test_registration_flow.py::TestRegistrationFlow::test_register_duplicate_email_fails PASSED [  2%]
tests/integration/auth/test_registration_flow.py::TestRegistrationFlow::test_register_password_too_short_fails PASSED [  2%]
tests/integration/auth/test_registration_flow.py::TestRegistrationFlow::test_register_password_too_long_fails PASSED [  2%]
tests/integration/auth/test_registration_flow.py::TestRegistrationFlow::test_register_invalid_email_fails PASSED [  2%]
tests/integration/auth/test_registration_flow.py::TestRegistrationFlow::test_register_missing_email_fails PASSED [  2%]
tests/integration/auth/test_registration_flow.py::TestRegistrationFlow::test_register_missing_password_fails PASSED [  3%]
tests/integration/auth/test_registration_flow.py::TestRegistrationFlow::test_can_login_after_registration PASSED [  3%]
tests/integration/auth/test_registration_flow.py::TestRegistrationFlow::test_can_access_me_endpoint_after_registration_and_login PASSED [  3%]
tests/integration/test_active_game_repository.py::TestRegister::test_register_quickplay PASSED [  3%]
tests/integration/test_active_game_repository.py::TestRegister::test_register_lobby_game PASSED [  3%]
tests/integration/test_active_game_repository.py::TestRegister::test_register_campaign_game PASSED [  3%]
tests/integration/test_active_game_repository.py::TestRegister::test_register_preserves_player_json PASSED [  3%]
tests/integration/test_active_game_repository.py::TestDeregister::test_deregister_existing PASSED [  3%]
tests/integration/test_active_game_repository.py::TestDeregister::test_deregister_nonexistent PASSED [  3%]
tests/integration/test_active_game_repository.py::TestDeregister::test_deregister_idempotent PASSED [  3%]
tests/integration/test_active_game_repository.py::TestListActive::test_list_empty PASSED [  3%]
tests/integration/test_active_game_repository.py::TestListActive::test_list_ordered_by_started_at_desc PASSED [  3%]
tests/integration/test_active_game_repository.py::TestListActive::test_filter_by_speed PASSED [  3%]
tests/integration/test_active_game_repository.py::TestListActive::test_filter_by_player_count PASSED [  4%]
tests/integration/test_active_game_repository.py::TestListActive::test_filter_by_game_type PASSED [  4%]
tests/integration/test_active_game_repository.py::TestListActive::test_filter_combined PASSED [  4%]
tests/integration/test_active_game_repository.py::TestListActive::test_limit PASSED [  4%]
tests/integration/test_active_game_repository.py::TestCleanupStale::test_cleanup_removes_old_entries PASSED [  4%]
tests/integration/test_active_game_repository.py::TestCleanupStale::test_cleanup_preserves_recent_entries PASSED [  4%]
tests/integration/test_active_game_repository.py::TestCleanupByServer::test_cleanup_removes_all_games_for_server PASSED [  4%]
tests/integration/test_active_game_repository.py::TestCleanupByServer::test_cleanup_nonexistent_server PASSED [  4%]
tests/integration/test_campaign_flow.py::TestCampaignGameCreation::test_create_campaign_game_with_service PASSED [  4%]
tests/integration/test_campaign_flow.py::TestCampaignProgressUpdate::test_complete_level_updates_progress PASSED [  4%]
tests/integration/test_campaign_flow.py::TestCampaignProgressUpdate::test_complete_full_belt_marks_belt_complete PASSED [  4%]
tests/integration/test_campaign_flow.py::TestCampaignProgressUpdate::test_progress_unlocks_next_level PASSED [  4%]
tests/integration/test_campaign_flow.py::TestCampaignGameFlow::test_start_game_and_verify_tracking PASSED [  5%]
tests/integration/test_campaign_flow.py::TestCampaignGameFlow::test_multiple_users_independent_progress PASSED [  5%]
tests/integration/test_campaign_replay.py::TestCampaignReplayPersistence::test_save_campaign_replay_with_initial_board_str PASSED [  5%]
tests/integration/test_campaign_replay.py::TestCampaignReplayPersistence::test_load_campaign_replay_preserves_initial_board_str PASSED [  5%]
tests/integration/test_campaign_replay.py::TestCampaignReplayPersistence::test_standard_replay_has_null_initial_board_str PASSED [  5%]
tests/integration/test_campaign_replay.py::TestReplayEngineCustomBoard::test_replay_engine_uses_initial_board_str PASSED [  5%]
tests/integration/test_campaign_replay.py::TestReplayEngineCustomBoard::test_replay_engine_uses_standard_board_when_no_initial_board_str PASSED [  5%]
tests/integration/test_campaign_replay.py::TestReplayEngineCustomBoard::test_replay_engine_advances_ticks_with_custom_board PASSED [  5%]
tests/integration/test_campaign_replay.py::TestCampaignGameReplay::test_campaign_game_stores_initial_board_str PASSED [  5%]
tests/integration/test_campaign_replay.py::TestCampaignGameReplay::test_campaign_replay_includes_initial_board_str PASSED [  5%]
tests/integration/test_campaign_replay.py::TestCampaignReplayRoundTrip::test_full_campaign_replay_round_trip PASSED [  5%]
tests/integration/test_campaign_replay.py::TestCampaignReplayEdgeCases::test_large_board_string_persists_correctly PASSED [  5%]
tests/integration/test_campaign_replay.py::TestCampaignReplayEdgeCases::test_campaign_replay_with_many_moves PASSED [  5%]
tests/integration/test_campaign_repository.py::TestCampaignProgressRepositoryGetProgress::test_get_progress_no_record PASSED [  6%]
tests/integration/test_campaign_repository.py::TestCampaignProgressRepositoryGetProgress::test_get_progress_with_record PASSED [  6%]
tests/integration/test_campaign_repository.py::TestCampaignProgressRepositoryUpdateProgress::test_update_progress_creates_record PASSED [  6%]
tests/integration/test_campaign_repository.py::TestCampaignProgressRepositoryUpdateProgress::test_update_progress_updates_existing PASSED [  6%]
tests/integration/test_campaign_repository.py::TestCampaignProgressRepositoryUpdateProgress::test_update_progress_belt_completion PASSED [  6%]
tests/integration/test_campaign_repository.py::TestCampaignProgressRepositoryUpdateProgress::test_update_progress_idempotent PASSED [  6%]
tests/integration/test_campaign_repository.py::TestCampaignProgressRepositoryExists::test_exists_no_record PASSED [  6%]
tests/integration/test_campaign_repository.py::TestCampaignProgressRepositoryExists::test_exists_with_record PASSED [  6%]
tests/integration/test_campaign_repository.py::TestCampaignProgressRepositoryIsolation::test_users_have_separate_progress PASSED [  6%]
tests/integration/test_campaign_repository.py::TestCampaignProgressRepositoryIsolation::test_nonexistent_user_returns_empty PASSED [  6%]
tests/integration/test_campaign_repository.py::TestCampaignProgressCascadeDelete::test_deleting_user_removes_progress PASSED [  6%]
tests/integration/test_lobby_repository.py::TestLobbyRepositorySave::test_save_basic_lobby PASSED [  6%]
tests/integration/test_lobby_repository.py::TestLobbyRepositorySave::test_save_lobby_with_multiple_players PASSED [  7%]
tests/integration/test_lobby_repository.py::TestLobbyRepositorySave::test_save_lobby_with_ai_player PASSED [  7%]
tests/integration/test_lobby_repository.py::TestLobbyRepositorySave::test_save_lobby_with_custom_settings PASSED [  7%]
tests/integration/test_lobby_repository.py::TestLobbyRepositorySave::test_update_existing_lobby PASSED [  7%]
tests/integration/test_lobby_repository.py::TestLobbyRepositoryGet::test_get_by_id PASSED [  7%]
tests/integration/test_lobby_repository.py::TestLobbyRepositoryGet::test_get_by_code_not_found PASSED [  7%]
tests/integration/test_lobby_repository.py::TestLobbyRepositoryGet::test_exists PASSED [  7%]
tests/integration/test_lobby_repository.py::TestLobbyRepositoryList::test_list_public_waiting PASSED [  7%]
tests/integration/test_lobby_repository.py::TestLobbyRepositoryList::test_list_public_waiting_filter_by_speed PASSED [  7%]
tests/integration/test_lobby_repository.py::TestLobbyRepositoryDelete::test_delete_removes_lobby PASSED [  7%]
tests/integration/test_lobby_repository.py::TestLobbyRepositoryDelete::test_delete_by_code PASSED [  7%]
tests/integration/test_lobby_repository.py::TestLobbyRepositoryDelete::test_delete_not_found PASSED [  7%]
tests/integration/test_lobby_repository.py::TestLobbyRepositoryStatusTransitions::test_update_status_to_in_game PASSED [  7%]
tests/integration/test_lobby_repository.py::TestLobbyRepositoryStatusTransitions::test_update_status_to_finished PASSED [  8%]
tests/integration/test_multi_server.py::TestSnapshotRoundTrip::test_snapshot_round_trip_preserves_game_state PASSED [  8%]
tests/integration/test_multi_server.py::TestDrainShutdown::test_drain_saves_final_snapshots_for_all_active_games PASSED [  8%]
tests/integration/test_multi_server.py::TestDrainShutdown::test_drain_skips_finished_games PASSED [  8%]
tests/integration/test_multi_server.py::TestDrainShutdown::test_drain_stops_heartbeat_and_preserves_routing PASSED [  8%]
tests/integration/test_multi_server.py::TestCrashRecovery::test_dead_server_game_restored_on_reconnect PASSED [  8%]
tests/integration/test_multi_server.py::TestCrashRecovery::test_alive_server_game_redirects PASSED [  8%]
tests/integration/test_multi_server.py::TestStartupRestore::test_claims_orphaned_games PASSED [  8%]
tests/integration/test_multi_server.py::TestStartupRestore::test_skips_live_server_games PASSED [  8%]
tests/integration/test_multi_server.py::TestConcurrentCAS::test_exactly_one_server_wins_race PASSED [  8%]
tests/integration/test_multi_server.py::TestFullFailoverCycle::test_server_a_to_server_b_handoff PASSED [  8%]
tests/integration/test_multi_server.py::TestCampaignGameRecovery::test_campaign_game_round_trip PASSED [  8%]
tests/integration/test_multi_server.py::TestWaitingStatusDrain::test_drain_snapshots_waiting_game PASSED [  8%]
tests/integration/test_multi_server.py::TestRestoreFailureCleanup::test_restore_failure_deletes_routing_key PASSED [  9%]
tests/integration/test_multi_server.py::TestRestoreFailureCleanup::test_corrupted_snapshot_deletes_routing_key PASSED [  9%]
tests/integration/test_multi_server.py::TestSplitBrainProtection::test_ownership_check_passes_when_we_own_game PASSED [  9%]
tests/integration/test_multi_server.py::TestSplitBrainProtection::test_ownership_check_fails_when_another_server_claimed PASSED [  9%]
tests/integration/test_multi_server.py::TestSplitBrainProtection::test_ownership_check_passes_when_key_missing PASSED [  9%]
tests/integration/test_multi_server.py::TestSplitBrainProtection::test_ownership_check_passes_on_redis_failure PASSED [  9%]
tests/integration/test_rating_service.py::TestRatingServiceIntegration::test_update_ratings_new_users PASSED [  9%]
tests/integration/test_rating_service.py::TestRatingServiceIntegration::test_update_ratings_existing_users PASSED [  9%]
tests/integration/test_rating_service.py::TestRatingServiceIntegration::test_update_ratings_draw PASSED [  9%]
tests/integration/test_rating_service.py::TestRatingServiceIntegration::test_update_ratings_unranked_returns_none PASSED [  9%]
tests/integration/test_rating_service.py::TestRatingServiceIntegration::test_update_ratings_lightning_mode PASSED [  9%]
tests/integration/test_rating_service.py::TestRatingServiceIntegration::test_belt_change_tracked PASSED [  9%]
tests/integration/test_rating_service.py::TestRatingServiceIntegration::test_abandoned_game_not_rated PASSED [ 10%]
tests/integration/test_replay_likes_repository.py::TestReplayLikesRepositoryLike::test_like_replay PASSED [ 10%]
tests/integration/test_replay_likes_repository.py::TestReplayLikesRepositoryLike::test_like_idempotent PASSED [ 10%]
tests/integration/test_replay_likes_repository.py::TestReplayLikesRepositoryLike::test_multiple_users_can_like PASSED [ 10%]
tests/integration/test_replay_likes_repository.py::TestReplayLikesRepositoryUnlike::test_unlike_replay PASSED [ 10%]
tests/integration/test_replay_likes_repository.py::TestReplayLikesRepositoryUnlike::test_unlike_idempotent PASSED [ 10%]
tests/integration/test_replay_likes_repository.py::TestReplayLikesRepositoryUnlike::test_unlike_does_not_go_negative PASSED [ 10%]
tests/integration/test_replay_likes_repository.py::TestReplayLikesRepositoryHasLiked::test_has_liked_true PASSED [ 10%]
tests/integration/test_replay_likes_repository.py::TestReplayLikesRepositoryHasLiked::test_has_liked_false PASSED [ 10%]
tests/integration/test_replay_likes_repository.py::TestReplayLikesRepositoryBatch::test_get_likes_for_replays PASSED [ 10%]
tests/integration/test_replay_likes_repository.py::TestReplayLikesRepositoryBatch::test_get_likes_for_replays_no_user PASSED [ 10%]
tests/integration/test_replay_likes_repository.py::TestReplayRepositoryLikeCounts::test_get_like_count PASSED [ 10%]
tests/integration/test_replay_likes_repository.py::TestReplayRepositoryLikeCounts::test_get_like_count_nonexistent PASSED [ 10%]
tests/integration/test_replay_likes_repository.py::TestReplayRepositoryLikeCounts::test_get_like_counts_batch PASSED [ 11%]
tests/integration/test_replay_likes_repository.py::TestReplayRepositoryLikeCounts::test_get_like_counts_batch_empty PASSED [ 11%]
tests/integration/test_replay_likes_repository.py::TestReplayRepositoryListTop::test_list_top_orders_by_likes PASSED [ 11%]
tests/integration/test_replay_likes_repository.py::TestReplayRepositoryListTop::test_list_top_excludes_zero_likes PASSED [ 11%]
tests/integration/test_replay_likes_repository.py::TestReplayLikesCascadeDelete::test_deleting_replay_removes_likes PASSED [ 11%]
tests/integration/test_replay_repository.py::TestReplayRepositorySaveIntegration::test_save_with_timezone_aware_datetime PASSED [ 11%]
tests/integration/test_replay_repository.py::TestReplayRepositorySaveIntegration::test_save_with_naive_datetime PASSED [ 11%]
tests/integration/test_replay_repository.py::TestReplayRepositorySaveIntegration::test_save_with_none_datetime PASSED [ 11%]
tests/integration/test_replay_repository.py::TestReplayRepositorySaveIntegration::test_save_idempotent PASSED [ 11%]
tests/integration/test_replay_repository.py::TestReplayRepositoryJsonHandling::test_save_with_many_moves PASSED [ 11%]
tests/integration/test_replay_repository.py::TestReplayRepositoryJsonHandling::test_save_with_special_characters_in_player_id PASSED [ 11%]
tests/integration/test_replay_repository.py::TestReplayRepositoryFourPlayer::test_save_four_player_replay PASSED [ 11%]
tests/integration/test_replay_repository.py::TestReplayRepositoryDelete::test_delete_removes_from_database PASSED [ 12%]
tests/integration/test_user_game_history_repository.py::TestUserGameHistoryRepositoryAdd::test_add_creates_entry PASSED [ 12%]
tests/integration/test_user_game_history_repository.py::TestUserGameHistoryRepositoryAdd::test_add_with_timezone_aware_datetime PASSED [ 12%]
tests/integration/test_user_game_history_repository.py::TestUserGameHistoryRepositoryList::test_list_by_user_returns_entries PASSED [ 12%]
tests/integration/test_user_game_history_repository.py::TestUserGameHistoryRepositoryList::test_list_by_user_ordered_by_game_time_desc PASSED [ 12%]
tests/integration/test_user_game_history_repository.py::TestUserGameHistoryRepositoryList::test_list_by_user_respects_limit PASSED [ 12%]
tests/integration/test_user_game_history_repository.py::TestUserGameHistoryRepositoryList::test_list_by_user_respects_offset PASSED [ 12%]
tests/integration/test_user_game_history_repository.py::TestUserGameHistoryRepositoryList::test_list_by_user_returns_empty_for_nonexistent_user PASSED [ 12%]
tests/integration/test_user_game_history_repository.py::TestUserGameHistoryRepositoryCount::test_count_by_user_returns_correct_count PASSED [ 12%]
tests/integration/test_user_game_history_repository.py::TestUserGameHistoryRepositoryCount::test_count_by_user_returns_zero_for_nonexistent_user PASSED [ 12%]
tests/integration/test_user_game_history_repository.py::TestUserGameHistoryRepositoryIndex::test_index_is_used_for_user_lookup PASSED [ 12%]
tests/test_health.py::test_health_check PASSED                           [ 12%]
tests/test_health.py::test_root PASSED                                   [ 12%]
tests/unit/ai/test_arrival_field.py::TestArrivalField::test_basic_computation PASSED [ 13%]
tests/unit/ai/test_arrival_field.py::TestArrivalField::test_own_piece_square_zero_time PASSED [ 13%]
tests/unit/ai/test_arrival_field.py::TestArrivalField::test_rook_blocked_by_pawn PASSED [ 13%]
tests/unit/ai/test_arrival_field.py::TestArrivalField::test_pawn_reaches_forward PASSED [ 13%]
tests/unit/ai/test_arrival_field.py::TestArrivalField::test_enemy_time_near_enemy PASSED [ 13%]
tests/unit/ai/test_arrival_field.py::TestArrivalField::test_our_time_far_from_pieces PASSED [ 13%]
tests/unit/ai/test_arrival_field.py::TestArrivalField::test_cooldown_adds_delay PASSED [ 13%]
tests/unit/ai/test_arrival_field.py::TestArrivalField::test_critical_only_mode PASSED [ 13%]
tests/unit/ai/test_arrival_field.py::TestArrivalField::test_lightning_speed PASSED [ 13%]
tests/unit/ai/test_arrival_field.py::TestArrivalField::test_post_arrival_safety_safe_square PASSED [ 13%]
tests/unit/ai/test_arrival_field.py::TestArrivalField::test_post_arrival_safety_dangerous_square PASSED [ 13%]
tests/unit/ai/test_arrival_field.py::TestArrivalField::test_enemy_time_excluding PASSED [ 13%]
tests/unit/ai/test_arrival_field.py::TestArrivalField::test_is_piece_at_risk_idle PASSED [ 14%]
tests/unit/ai/test_arrival_field.py::TestArrivalField::test_is_piece_at_risk_on_cooldown PASSED [ 14%]
tests/unit/ai/test_arrival_field.py::TestArrivalField::test_tps_and_cd_stored PASSED [ 14%]
tests/unit/ai/test_arrival_field.py::TestArrivalField::test_traveling_enemy_threatens_path PASSED [ 14%]
tests/unit/ai/test_arrival_field.py::TestArrivalField::test_traveling_enemy_makes_king_at_risk PASSED [ 14%]
tests/unit/ai/test_arrival_field.py::TestHasTravelingThreat::test_traveling_rook_flags_squares_on_path PASSED [ 14%]
tests/unit/ai/test_arrival_field.py::TestHasTravelingThreat::test_idle_enemy_not_flagged PASSED [ 14%]
tests/unit/ai/test_arrival_field.py::TestSliderCaptureArrival::test_idle_queen_threatens_enemy_king_square PASSED [ 14%]
tests/unit/ai/test_arrival_field.py::TestSliderCaptureArrival::test_idle_rook_threatens_enemy_on_same_file PASSED [ 14%]
tests/unit/ai/test_arrival_field.py::TestSliderCaptureArrival::test_slider_does_not_capture_own_piece PASSED [ 14%]
tests/unit/ai/test_arrival_field.py::TestSelfBlockingFix::test_moving_along_rook_ray_not_safe PASSED [ 14%]
tests/unit/ai/test_arrival_field.py::TestSelfBlockingFix::test_moving_perpendicular_unaffected PASSED [ 14%]
tests/unit/ai/test_arrival_field.py::TestSelfBlockingFix::test_moving_along_bishop_diagonal_not_safe PASSED [ 14%]
tests/unit/ai/test_arrival_field.py::TestSelfBlockingFix::test_double_blocker_still_safe PASSED [ 15%]
tests/unit/ai/test_arrival_field.py::TestPawnForwardNotThreat::test_enemy_pawn_forward_not_threat PASSED [ 15%]
tests/unit/ai/test_arrival_field.py::TestPawnForwardNotThreat::test_enemy_pawn_double_forward_not_threat PASSED [ 15%]
tests/unit/ai/test_arrival_field.py::TestPawnForwardNotThreat::test_king_capture_of_pawn_safe_when_only_forward_threats PASSED [ 15%]
tests/unit/ai/test_arrival_field.py::TestEliminatedPlayerExclusion::test_eliminated_player_pieces_not_threats PASSED [ 15%]
tests/unit/ai/test_eval.py::TestEval::test_capture_queen_scores_higher_than_pawn PASSED [ 15%]
tests/unit/ai/test_eval.py::TestEval::test_captures_beat_quiet_moves PASSED [ 15%]
tests/unit/ai/test_eval.py::TestEval::test_noise_can_change_ordering PASSED [ 15%]
tests/unit/ai/test_eval.py::TestEval::test_center_preference PASSED      [ 15%]
tests/unit/ai/test_eval.py::TestDevelopmentUrgency::test_full_urgency_when_all_undeveloped PASSED [ 15%]
tests/unit/ai/test_eval.py::TestDevelopmentUrgency::test_no_urgency_when_all_developed PASSED [ 15%]
tests/unit/ai/test_eval.py::TestDevelopmentUrgency::test_partial_urgency PASSED [ 15%]
tests/unit/ai/test_eval.py::TestDevelopmentUrgency::test_no_developable_pieces_zero_urgency PASSED [ 15%]
tests/unit/ai/test_eval.py::TestDevelopmentUrgency::test_development_beats_pawn_push_in_opening PASSED [ 16%]
tests/unit/ai/test_eval.py::TestDevelopmentUrgency::test_pawn_advance_dampened_in_opening PASSED [ 16%]
tests/unit/ai/test_eval.py::TestFirstMoveBonus::test_unmoved_piece_scores_higher PASSED [ 16%]
tests/unit/ai/test_eval.py::TestPawnStructure::test_pawn_chain_bonus PASSED [ 16%]
tests/unit/ai/test_eval.py::TestPawnStructure::test_pawn_no_support PASSED [ 16%]
tests/unit/ai/test_eval.py::TestPawnStructure::test_pawn_double_support PASSED [ 16%]
tests/unit/ai/test_eval.py::TestPawnStructure::test_isolated_pawn_detected PASSED [ 16%]
tests/unit/ai/test_eval.py::TestPawnStructure::test_non_isolated_pawn PASSED [ 16%]
tests/unit/ai/test_eval.py::TestPawnStructure::test_supported_pawn_push_beats_isolated PASSED [ 16%]
tests/unit/ai/test_eval.py::TestKingThreatCaptureSafety::test_bishop_preferred_over_queen_on_unsafe_square PASSED [ 16%]
tests/unit/ai/test_eval.py::TestPawnTravelingThreat::test_pawn_into_traveling_rook_ray_penalized PASSED [ 16%]
tests/unit/ai/test_kungfu_ai.py::TestKungFuAI::test_implements_ai_player_interface PASSED [ 16%]
tests/unit/ai/test_kungfu_ai.py::TestKungFuAI::test_get_move_returns_valid_move PASSED [ 17%]
tests/unit/ai/test_kungfu_ai.py::TestKungFuAI::test_should_move_respects_think_delay PASSED [ 17%]
tests/unit/ai/test_kungfu_ai.py::TestKungFuAI::test_should_move_false_when_no_pieces_movable PASSED [ 17%]
tests/unit/ai/test_kungfu_ai.py::TestKungFuAI::test_get_move_within_budget PASSED [ 17%]
tests/unit/ai/test_kungfu_ai.py::TestKungFuAI::test_prefers_captures PASSED [ 17%]
tests/unit/ai/test_kungfu_ai.py::TestKungFuAI::test_king_captures_pawn_with_forward_only_threats PASSED [ 17%]
tests/unit/ai/test_kungfu_ai.py::TestKungFuAI::test_works_with_lightning_speed PASSED [ 17%]
tests/unit/ai/test_move_gen.py::TestMoveGen::test_generates_candidates_initial_board PASSED [ 17%]
tests/unit/ai/test_move_gen.py::TestMoveGen::test_respects_max_pieces PASSED [ 17%]
tests/unit/ai/test_move_gen.py::TestMoveGen::test_respects_max_candidates_per_piece PASSED [ 17%]
tests/unit/ai/test_move_gen.py::TestMoveGen::test_captures_detected PASSED [ 17%]
tests/unit/ai/test_move_gen.py::TestMoveGen::test_no_candidates_when_all_on_cooldown PASSED [ 17%]
tests/unit/ai/test_move_gen.py::TestComputeTravelTicks::test_rook_same_rank PASSED [ 17%]
tests/unit/ai/test_move_gen.py::TestComputeTravelTicks::test_rook_same_file PASSED [ 18%]
tests/unit/ai/test_move_gen.py::TestComputeTravelTicks::test_rook_off_axis_returns_inf PASSED [ 18%]
tests/unit/ai/test_move_gen.py::TestComputeTravelTicks::test_rook_diagonal_returns_inf PASSED [ 18%]
tests/unit/ai/test_move_gen.py::TestComputeTravelTicks::test_bishop_same_diagonal PASSED [ 18%]
tests/unit/ai/test_move_gen.py::TestComputeTravelTicks::test_bishop_off_diagonal_returns_inf PASSED [ 18%]
tests/unit/ai/test_move_gen.py::TestComputeTravelTicks::test_bishop_same_rank_returns_inf PASSED [ 18%]
tests/unit/ai/test_move_gen.py::TestComputeTravelTicks::test_king_adjacent PASSED [ 18%]
tests/unit/ai/test_move_gen.py::TestComputeTravelTicks::test_king_two_squares_returns_inf PASSED [ 18%]
tests/unit/ai/test_move_gen.py::TestComputeTravelTicks::test_queen_any_direction PASSED [ 18%]
tests/unit/ai/test_move_gen.py::TestComputeTravelTicks::test_knight_fixed_cost PASSED [ 18%]
tests/unit/ai/test_state_extractor.py::TestStateExtractor::test_extract_initial_board PASSED [ 18%]
tests/unit/ai/test_state_extractor.py::TestStateExtractor::test_movable_pieces_initial PASSED [ 18%]
tests/unit/ai/test_state_extractor.py::TestStateExtractor::test_traveling_piece_shows_destination_for_own PASSED [ 19%]
tests/unit/ai/test_state_extractor.py::TestStateExtractor::test_traveling_enemy_slider_hides_destination PASSED [ 19%]
tests/unit/ai/test_state_extractor.py::TestStateExtractor::test_cooldown_piece PASSED [ 19%]
tests/unit/ai/test_state_extractor.py::TestStateExtractor::test_enemy_king PASSED [ 19%]
tests/unit/ai/test_state_extractor.py::TestStateExtractor::test_own_king PASSED [ 19%]
tests/unit/ai/test_state_extractor.py::TestStateExtractor::test_traveling_enemy_knight_exposes_destination PASSED [ 19%]
tests/unit/ai/test_state_extractor.py::TestStateExtractor::test_cooldown_buffer_keeps_piece_non_idle PASSED [ 19%]
tests/unit/ai/test_state_extractor.py::TestStateExtractor::test_cooldown_buffer_expires PASSED [ 19%]
tests/unit/ai/test_state_extractor.py::TestStateExtractor::test_cooldown_buffer_only_affects_ai_pieces PASSED [ 19%]
tests/unit/ai/test_state_extractor.py::TestStateExtractor::test_eliminated_player_pieces_excluded_from_enemies PASSED [ 19%]
tests/unit/ai/test_state_extractor.py::TestStateExtractor::test_no_buffer_without_parameter PASSED [ 19%]
tests/unit/ai/test_tactics.py::TestCaptureFeasibility::test_capture_returns_piece_value PASSED [ 19%]
tests/unit/ai/test_tactics.py::TestCaptureFeasibility::test_capture_pawn_value PASSED [ 19%]
tests/unit/ai/test_tactics.py::TestCaptureFeasibility::test_non_capture_returns_zero PASSED [ 20%]
tests/unit/ai/test_tactics.py::TestGameEndingKingCapture::test_king_capture_without_ai_state_returns_base_value PASSED [ 20%]
tests/unit/ai/test_tactics.py::TestGameEndingKingCapture::test_king_capture_with_single_enemy_king_adds_bonus PASSED [ 20%]
tests/unit/ai/test_tactics.py::TestGameEndingKingCapture::test_king_capture_with_multiple_enemy_kings_no_bonus PASSED [ 20%]
tests/unit/ai/test_tactics.py::TestGameEndingKingCapture::test_non_king_capture_unaffected PASSED [ 20%]
tests/unit/ai/test_tactics.py::TestMoveSafety::test_safe_move_near_home PASSED [ 20%]
tests/unit/ai/test_tactics.py::TestMoveSafety::test_unsafe_move_deep_territory PASSED [ 20%]
tests/unit/ai/test_tactics.py::TestDodgeability::test_target_on_long_cooldown_no_prob PASSED [ 20%]
tests/unit/ai/test_tactics.py::TestDodgeability::test_idle_target_long_distance_high_prob PASSED [ 20%]
tests/unit/ai/test_tactics.py::TestDodgeability::test_short_cooldown_target_small_prob PASSED [ 20%]
tests/unit/ai/test_tactics.py::TestDodgeability::test_knight_capture_dodge_window PASSED [ 20%]
tests/unit/ai/test_tactics.py::TestDodgeability::test_non_capture_returns_zero PASSED [ 20%]
tests/unit/ai/test_tactics.py::TestDodgeability::test_cornered_target_no_prob PASSED [ 21%]
tests/unit/ai/test_tactics.py::TestDodgeability::test_few_escapes_lower_prob PASSED [ 21%]
tests/unit/ai/test_tactics.py::TestDodgeability::test_only_ray_escapes_no_dodge PASSED [ 21%]
tests/unit/ai/test_tactics.py::TestRecaptureBonus::test_recapture_incoming_attack PASSED [ 21%]
tests/unit/ai/test_tactics.py::TestRecaptureBonus::test_recapture_close_enough PASSED [ 21%]
tests/unit/ai/test_tactics.py::TestRecaptureBonus::test_recapture_with_margin PASSED [ 21%]
tests/unit/ai/test_tactics.py::TestRecaptureBonus::test_no_traveling_enemies PASSED [ 21%]
tests/unit/ai/test_tactics.py::TestRecaptureBonus::test_enemy_not_heading_toward_us PASSED [ 21%]
tests/unit/ai/test_tactics.py::TestThreatenScore::test_knight_threatens_queen_safely PASSED [ 21%]
tests/unit/ai/test_tactics.py::TestThreatenScore::test_no_threat_when_enemy_can_recapture PASSED [ 21%]
tests/unit/ai/test_tactics.py::TestThreatenScore::test_no_threat_without_piece PASSED [ 21%]
tests/unit/ai/test_tactics.py::TestThreatenScore::test_rook_no_phantom_threat_off_axis PASSED [ 21%]
tests/unit/ai/test_tactics.py::TestThreatenScore::test_rook_real_threat_on_same_file PASSED [ 21%]
tests/unit/ai/test_tactics.py::TestKingExposurePenalty::test_moving_shielding_piece_penalized PASSED [ 22%]
tests/unit/ai/test_tactics.py::TestKingExposurePenalty::test_moving_non_shielding_piece_no_penalty PASSED [ 22%]
tests/unit/ai/test_tactics.py::TestKingExposurePenalty::test_king_move_no_penalty PASSED [ 22%]
tests/unit/ai/test_tactics.py::TestKingThreatCaptureBonus::test_capturing_king_threatening_piece_gives_bonus PASSED [ 22%]
tests/unit/ai/test_tactics.py::TestKingThreatCaptureBonus::test_capturing_non_threatening_piece_no_bonus PASSED [ 22%]
tests/unit/ai/test_tactics.py::TestKingThreatCaptureBonus::test_non_capture_no_bonus PASSED [ 22%]
tests/unit/ai/test_tactics.py::TestKingBlockingBonus::test_blocking_slider_gives_bonus PASSED [ 22%]
tests/unit/ai/test_tactics.py::TestKingBlockingBonus::test_no_bonus_when_king_not_threatened PASSED [ 22%]
tests/unit/ai/test_tactics.py::TestKingBlockingBonus::test_reblocking_cancels_exposure_penalty PASSED [ 22%]
tests/unit/ai/test_tactics.py::TestKingBlockingBonus::test_king_move_no_bonus PASSED [ 22%]
tests/unit/api/test_campaign.py::TestCampaignProgressResponse::test_fields PASSED [ 22%]
tests/unit/api/test_campaign.py::TestCampaignProgressResponse::test_alias_serialization PASSED [ 22%]
tests/unit/api/test_campaign.py::TestCampaignProgressResponse::test_empty_progress PASSED [ 22%]
tests/unit/api/test_campaign.py::TestLevelResponse::test_fields PASSED   [ 23%]
tests/unit/api/test_campaign.py::TestLevelResponse::test_alias_serialization PASSED [ 23%]
tests/unit/api/test_campaign.py::TestLevelsListResponse::test_empty_list PASSED [ 23%]
tests/unit/api/test_campaign.py::TestLevelsListResponse::test_with_levels PASSED [ 23%]
tests/unit/api/test_campaign.py::TestStartGameResponse::test_fields PASSED [ 23%]
tests/unit/api/test_campaign.py::TestStartGameResponse::test_alias_serialization PASSED [ 23%]
tests/unit/api/test_campaign.py::TestLevelDefinitions::test_all_72_levels_defined PASSED [ 23%]
tests/unit/api/test_campaign.py::TestLevelDefinitions::test_get_level_returns_correct_level PASSED [ 23%]
tests/unit/api/test_campaign.py::TestLevelDefinitions::test_get_level_returns_none_for_invalid PASSED [ 23%]
tests/unit/api/test_campaign.py::TestLevelDefinitions::test_max_belt_is_9 PASSED [ 23%]
tests/unit/api/test_campaign.py::TestLevelDefinitions::test_belt_names_defined PASSED [ 23%]
tests/unit/api/test_campaign.py::TestLevelDefinitions::test_levels_have_correct_belts PASSED [ 23%]
tests/unit/api/test_campaign.py::TestLevelDefinitions::test_belt_3_is_lightning_speed PASSED [ 24%]
tests/unit/api/test_campaign.py::TestLevelDefinitions::test_belt_1_to_4_levels_are_2_player PASSED [ 24%]
tests/unit/api/test_campaign.py::TestLevelDefinitions::test_belt_5_levels_are_4_player PASSED [ 24%]
tests/unit/api/test_campaign.py::TestLevelDefinitions::test_belt_6_levels_are_4_player_lightning PASSED [ 24%]
tests/unit/api/test_leaderboard.py::TestLeaderboardModels::test_valid_modes_contains_all_combinations PASSED [ 24%]
tests/unit/api/test_leaderboard.py::TestLeaderboardModels::test_leaderboard_entry_fields PASSED [ 24%]
tests/unit/api/test_leaderboard.py::TestLeaderboardModels::test_leaderboard_response_fields PASSED [ 24%]
tests/unit/api/test_leaderboard.py::TestLeaderboardModeValidation::test_valid_2p_standard_mode PASSED [ 24%]
tests/unit/api/test_leaderboard.py::TestLeaderboardModeValidation::test_valid_2p_lightning_mode PASSED [ 24%]
tests/unit/api/test_leaderboard.py::TestLeaderboardModeValidation::test_valid_4p_standard_mode PASSED [ 24%]
tests/unit/api/test_leaderboard.py::TestLeaderboardModeValidation::test_valid_4p_lightning_mode PASSED [ 24%]
tests/unit/auth/test_dependencies.py::TestGetCurrentUserWithDevBypass::test_returns_authenticated_user_when_present PASSED [ 24%]
tests/unit/auth/test_dependencies.py::TestGetCurrentUserWithDevBypass::test_returns_none_when_no_auth_and_dev_mode_off PASSED [ 24%]
tests/unit/auth/test_dependencies.py::TestGetCurrentUserWithDevBypass::test_returns_none_when_dev_mode_on_but_no_dev_user_id PASSED [ 25%]
tests/unit/auth/test_dependencies.py::TestGetCurrentUserWithDevBypass::test_returns_dev_user_when_dev_mode_enabled PASSED [ 25%]
tests/unit/auth/test_dependencies.py::TestGetCurrentUserWithDevBypass::test_returns_none_when_dev_user_not_found PASSED [ 25%]
tests/unit/auth/test_dependencies.py::TestGetCurrentUserWithDevBypass::test_does_not_override_authenticated_user_in_dev_mode PASSED [ 25%]
tests/unit/auth/test_dependencies.py::TestGetRequiredUserWithDevBypass::test_returns_user_when_authenticated PASSED [ 25%]
tests/unit/auth/test_dependencies.py::TestGetRequiredUserWithDevBypass::test_returns_dev_user_in_dev_mode PASSED [ 25%]
tests/unit/auth/test_dependencies.py::TestGetRequiredUserWithDevBypass::test_raises_401_when_no_user PASSED [ 25%]
tests/unit/auth/test_dependencies.py::TestGetRequiredUserWithDevBypass::test_raises_401_when_dev_mode_off_and_no_auth PASSED [ 25%]
tests/unit/auth/test_email.py::TestSendVerificationEmail::test_logs_token_when_resend_disabled PASSED [ 25%]
tests/unit/auth/test_email.py::TestSendVerificationEmail::test_sends_email_when_resend_enabled PASSED [ 25%]
tests/unit/auth/test_email.py::TestSendVerificationEmail::test_returns_false_on_send_failure PASSED [ 25%]
tests/unit/auth/test_email.py::TestSendVerificationEmail::test_does_not_raise_on_failure PASSED [ 25%]
tests/unit/auth/test_email.py::TestSendPasswordResetEmail::test_logs_token_when_resend_disabled PASSED [ 26%]
tests/unit/auth/test_email.py::TestSendPasswordResetEmail::test_sends_email_when_resend_enabled PASSED [ 26%]
tests/unit/auth/test_email.py::TestSendPasswordResetEmail::test_returns_false_on_send_failure PASSED [ 26%]
tests/unit/auth/test_email.py::TestSendPasswordResetEmail::test_does_not_raise_on_failure PASSED [ 26%]
tests/unit/auth/test_email.py::TestEmailUrlGeneration::test_verification_url_includes_token PASSED [ 26%]
tests/unit/auth/test_email.py::TestEmailUrlGeneration::test_reset_url_includes_token PASSED [ 26%]
tests/unit/auth/test_schemas.py::TestUserCreateSchema::test_valid_user_create_minimal PASSED [ 26%]
tests/unit/auth/test_schemas.py::TestUserCreateSchema::test_valid_user_create_with_username PASSED [ 26%]
tests/unit/auth/test_schemas.py::TestUserCreateSchema::test_password_minimum_length_valid PASSED [ 26%]
tests/unit/auth/test_schemas.py::TestUserCreateSchema::test_password_maximum_length_valid PASSED [ 26%]
tests/unit/auth/test_schemas.py::TestUserCreateSchema::test_password_too_short_raises_error PASSED [ 26%]
tests/unit/auth/test_schemas.py::TestUserCreateSchema::test_password_too_long_raises_error PASSED [ 26%]
tests/unit/auth/test_schemas.py::TestUserCreateSchema::test_password_empty_raises_error PASSED [ 26%]
tests/unit/auth/test_schemas.py::TestUserCreateSchema::test_invalid_email_raises_error PASSED [ 27%]
tests/unit/auth/test_schemas.py::TestUserCreateSchema::test_missing_email_raises_error PASSED [ 27%]
tests/unit/auth/test_schemas.py::TestUserCreateSchema::test_missing_password_raises_error PASSED [ 27%]
tests/unit/auth/test_schemas.py::TestUserUpdateSchema::test_update_username_only PASSED [ 27%]
tests/unit/auth/test_schemas.py::TestUserUpdateSchema::test_update_picture_url_only PASSED [ 27%]
tests/unit/auth/test_schemas.py::TestUserUpdateSchema::test_update_password_valid PASSED [ 27%]
tests/unit/auth/test_schemas.py::TestUserUpdateSchema::test_update_password_too_short_raises_error PASSED [ 27%]
tests/unit/auth/test_schemas.py::TestUserUpdateSchema::test_update_password_too_long_raises_error PASSED [ 27%]
tests/unit/auth/test_schemas.py::TestUserUpdateSchema::test_update_password_none_is_valid PASSED [ 27%]
tests/unit/auth/test_schemas.py::TestUserUpdateSchema::test_update_empty_is_valid PASSED [ 27%]
tests/unit/auth/test_schemas.py::TestUserUpdateSchema::test_update_multiple_fields PASSED [ 27%]
tests/unit/auth/test_schemas.py::TestUserReadSchema::test_user_read_includes_required_fields PASSED [ 27%]
tests/unit/auth/test_schemas.py::TestUserReadSchema::test_user_read_default_ratings PASSED [ 28%]
tests/unit/auth/test_users.py::TestGenerateRandomUsername::test_generates_four_part_username PASSED [ 28%]
tests/unit/auth/test_users.py::TestGenerateRandomUsername::test_first_part_is_adjective PASSED [ 28%]
tests/unit/auth/test_users.py::TestGenerateRandomUsername::test_second_part_is_animal PASSED [ 28%]
tests/unit/auth/test_users.py::TestGenerateRandomUsername::test_third_part_is_chess_piece PASSED [ 28%]
tests/unit/auth/test_users.py::TestGenerateRandomUsername::test_fourth_part_is_five_digit_number PASSED [ 28%]
tests/unit/auth/test_users.py::TestGenerateRandomUsername::test_generates_variety PASSED [ 28%]
tests/unit/auth/test_users.py::TestGenerateRandomUsername::test_format_example PASSED [ 28%]
tests/unit/auth/test_users.py::TestUserManager::test_generate_unique_username_success PASSED [ 28%]
tests/unit/auth/test_users.py::TestUserManager::test_generate_unique_username_retries_on_collision PASSED [ 28%]
tests/unit/auth/test_users.py::TestUserManager::test_generate_unique_username_fails_after_max_attempts PASSED [ 28%]
tests/unit/auth/test_users.py::TestUserManager::test_find_legacy_google_user_found PASSED [ 28%]
tests/unit/auth/test_users.py::TestUserManager::test_find_legacy_google_user_not_found PASSED [ 28%]
tests/unit/auth/test_users.py::TestUserManager::test_oauth_callback_finds_legacy_user PASSED [ 29%]
tests/unit/auth/test_users.py::TestUserManager::test_oauth_callback_creates_oauth_account_for_legacy_user PASSED [ 29%]
tests/unit/auth/test_users.py::TestUserManager::test_oauth_callback_creates_new_user_when_no_legacy PASSED [ 29%]
tests/unit/auth/test_users.py::TestUserManager::test_oauth_callback_skips_legacy_check_for_non_google PASSED [ 29%]
tests/unit/auth/test_users.py::TestUserManager::test_create_or_update_oauth_account_creates_new PASSED [ 29%]
tests/unit/auth/test_users.py::TestUserManager::test_create_or_update_oauth_account_updates_existing PASSED [ 29%]
tests/unit/auth/test_users.py::TestUserManagerCreate::test_create_rejects_legacy_google_user_email PASSED [ 29%]
tests/unit/auth/test_users.py::TestUserManagerCreate::test_create_allows_email_if_user_has_password PASSED [ 29%]
tests/unit/auth/test_users.py::TestUserManagerCreate::test_create_generates_username_when_not_provided PASSED [ 29%]
tests/unit/auth/test_users.py::TestUserManagerCreate::test_create_preserves_provided_username PASSED [ 29%]
tests/unit/auth/test_users.py::TestUserManagerOAuthEdgeCases::test_oauth_callback_raises_for_existing_password_user PASSED [ 29%]
tests/unit/auth/test_users.py::TestUserManagerOAuthEdgeCases::test_oauth_callback_handles_orphaned_oauth_account PASSED [ 29%]
tests/unit/auth/test_users.py::TestUserManagerOAuthEdgeCases::test_oauth_callback_handles_integrity_error PASSED [ 29%]
tests/unit/auth/test_users.py::TestUserManagerOAuthEdgeCases::test_validate_oauth_tokens_logs_warning_for_empty_token PASSED [ 30%]
tests/unit/auth/test_users.py::TestUserManagerOAuthEdgeCases::test_validate_oauth_tokens_logs_warning_for_expired_token PASSED [ 30%]
tests/unit/auth/test_users.py::TestUserManagerOAuthEdgeCases::test_validate_oauth_tokens_no_warning_for_valid_token PASSED [ 30%]
tests/unit/campaign/test_board_parser.py::TestParseBoardString::test_parse_empty_8x8_board PASSED [ 30%]
tests/unit/campaign/test_board_parser.py::TestParseBoardString::test_parse_simple_board_with_kings PASSED [ 30%]
tests/unit/campaign/test_board_parser.py::TestParseBoardString::test_parse_various_pieces PASSED [ 30%]
tests/unit/campaign/test_board_parser.py::TestParseBoardString::test_parse_asymmetric_board PASSED [ 30%]
tests/unit/campaign/test_board_parser.py::TestParseBoardString::test_parse_wrong_row_count_raises PASSED [ 30%]
tests/unit/campaign/test_board_parser.py::TestParseBoardString::test_parse_wrong_column_count_raises PASSED [ 30%]
tests/unit/campaign/test_board_parser.py::TestParseBoardString::test_parse_unknown_piece_type_raises PASSED [ 30%]
tests/unit/campaign/test_board_parser.py::TestParseBoardString::test_parse_invalid_player_raises PASSED [ 30%]
tests/unit/campaign/test_board_parser.py::TestParseBoardString::test_piece_type_map_completeness PASSED [ 30%]
tests/unit/campaign/test_board_parser.py::TestParseBoardString::test_parse_4player_board PASSED [ 31%]
tests/unit/campaign/test_levels.py::TestLevelDefinitions::test_all_32_levels_defined PASSED [ 31%]
tests/unit/campaign/test_levels.py::TestLevelDefinitions::test_all_levels_have_required_fields PASSED [ 31%]
tests/unit/campaign/test_levels.py::TestLevelDefinitions::test_level_belt_mapping PASSED [ 31%]
tests/unit/campaign/test_levels.py::TestLevelDefinitions::test_belt_1_is_standard_speed PASSED [ 31%]
tests/unit/campaign/test_levels.py::TestLevelDefinitions::test_belt_3_is_lightning_speed PASSED [ 31%]
tests/unit/campaign/test_levels.py::TestLevelDefinitions::test_all_level_boards_parse PASSED [ 31%]
tests/unit/campaign/test_levels.py::TestLevelDefinitions::test_all_levels_have_player_1_king PASSED [ 31%]
tests/unit/campaign/test_levels.py::TestLevelDefinitions::test_all_levels_have_titles PASSED [ 31%]
tests/unit/campaign/test_levels.py::TestLevelDefinitions::test_all_levels_have_descriptions PASSED [ 31%]
tests/unit/campaign/test_levels.py::TestLevelDefinitions::test_belt_level_property PASSED [ 31%]
tests/unit/campaign/test_levels.py::TestGetLevel::test_get_valid_level PASSED [ 31%]
tests/unit/campaign/test_levels.py::TestGetLevel::test_get_last_level PASSED [ 31%]
tests/unit/campaign/test_levels.py::TestGetLevel::test_get_invalid_level_returns_none PASSED [ 32%]
tests/unit/campaign/test_levels.py::TestGetBeltLevels::test_get_belt_1_levels PASSED [ 32%]
tests/unit/campaign/test_levels.py::TestGetBeltLevels::test_get_belt_3_levels PASSED [ 32%]
tests/unit/campaign/test_levels.py::TestGetBeltLevels::test_get_belt_4_levels PASSED [ 32%]
tests/unit/campaign/test_levels.py::TestGetBeltLevels::test_get_belt_5_levels PASSED [ 32%]
tests/unit/campaign/test_levels.py::TestGetBeltLevels::test_get_belt_6_levels PASSED [ 32%]
tests/unit/campaign/test_levels.py::TestGetBeltLevels::test_get_belt_7_levels PASSED [ 32%]
tests/unit/campaign/test_levels.py::TestGetBeltLevels::test_get_nonexistent_belt_returns_empty PASSED [ 32%]
tests/unit/campaign/test_levels.py::TestConstants::test_belt_names PASSED [ 32%]
tests/unit/campaign/test_levels.py::TestConstants::test_max_belt PASSED  [ 32%]
tests/unit/campaign/test_repository.py::TestCampaignProgressRepository::test_get_progress_found PASSED [ 32%]
tests/unit/campaign/test_repository.py::TestCampaignProgressRepository::test_get_progress_not_found_returns_empty PASSED [ 32%]
tests/unit/campaign/test_repository.py::TestCampaignProgressRepository::test_update_progress PASSED [ 33%]
tests/unit/campaign/test_repository.py::TestCampaignProgressRepository::test_exists_found PASSED [ 33%]
tests/unit/campaign/test_repository.py::TestCampaignProgressRepository::test_exists_not_found PASSED [ 33%]
tests/unit/campaign/test_service.py::TestCampaignProgressData::test_is_level_unlocked_first_level PASSED [ 33%]
tests/unit/campaign/test_service.py::TestCampaignProgressData::test_is_level_unlocked_sequential PASSED [ 33%]
tests/unit/campaign/test_service.py::TestCampaignProgressData::test_is_level_unlocked_first_of_belt PASSED [ 33%]
tests/unit/campaign/test_service.py::TestCampaignProgressData::test_is_level_unlocked_locked_belt PASSED [ 33%]
tests/unit/campaign/test_service.py::TestCampaignProgressData::test_is_level_completed PASSED [ 33%]
tests/unit/campaign/test_service.py::TestCampaignProgressData::test_current_belt_no_progress PASSED [ 33%]
tests/unit/campaign/test_service.py::TestCampaignProgressData::test_current_belt_one_completed PASSED [ 33%]
tests/unit/campaign/test_service.py::TestCampaignProgressData::test_current_belt_capped_at_max PASSED [ 33%]
tests/unit/campaign/test_service.py::TestCampaignService::test_get_progress_empty PASSED [ 33%]
tests/unit/campaign/test_service.py::TestCampaignService::test_get_progress_with_data PASSED [ 33%]
tests/unit/campaign/test_service.py::TestCampaignService::test_complete_level_simple PASSED [ 34%]
tests/unit/campaign/test_service.py::TestCampaignService::test_complete_level_completes_belt PASSED [ 34%]
tests/unit/campaign/test_service.py::TestCampaignService::test_complete_level_already_completed_belt PASSED [ 34%]
tests/unit/game/test_4player.py::TestBoard4Player::test_create_4player_board PASSED [ 34%]
tests/unit/game/test_4player.py::TestBoard4Player::test_4player_piece_count PASSED [ 34%]
tests/unit/game/test_4player.py::TestBoard4Player::test_4player_pieces_per_player PASSED [ 34%]
tests/unit/game/test_4player.py::TestBoard4Player::test_4player_each_player_has_king PASSED [ 34%]
tests/unit/game/test_4player.py::TestBoard4Player::test_4player_player_positions PASSED [ 34%]
tests/unit/game/test_4player.py::TestBoard4Player::test_4player_corners_invalid PASSED [ 34%]
tests/unit/game/test_4player.py::TestBoard4Player::test_4player_center_valid PASSED [ 34%]
tests/unit/game/test_4player.py::TestPawnMovement4Player::test_player1_pawn_moves_left PASSED [ 34%]
tests/unit/game/test_4player.py::TestPawnMovement4Player::test_player2_pawn_moves_up PASSED [ 34%]
tests/unit/game/test_4player.py::TestPawnMovement4Player::test_player3_pawn_moves_right PASSED [ 35%]
tests/unit/game/test_4player.py::TestPawnMovement4Player::test_player4_pawn_moves_down PASSED [ 35%]
tests/unit/game/test_4player.py::TestPawnMovement4Player::test_pawn_cannot_move_backward PASSED [ 35%]
tests/unit/game/test_4player.py::TestPawnMovement4Player::test_pawn_diagonal_capture_4player PASSED [ 35%]
tests/unit/game/test_4player.py::TestPawnPromotion4Player::test_player1_promotion_at_col0 PASSED [ 35%]
tests/unit/game/test_4player.py::TestPawnPromotion4Player::test_player1_no_promotion_at_col2 PASSED [ 35%]
tests/unit/game/test_4player.py::TestPawnPromotion4Player::test_player2_promotion_at_row0 PASSED [ 35%]
tests/unit/game/test_4player.py::TestPawnPromotion4Player::test_player3_promotion_at_col11 PASSED [ 35%]
tests/unit/game/test_4player.py::TestPawnPromotion4Player::test_player4_promotion_at_row11 PASSED [ 35%]
tests/unit/game/test_4player.py::TestCastling4Player::test_player2_horizontal_castling PASSED [ 35%]
tests/unit/game/test_4player.py::TestCastling4Player::test_player4_horizontal_castling PASSED [ 35%]
tests/unit/game/test_4player.py::TestCastling4Player::test_player1_vertical_castling PASSED [ 35%]
tests/unit/game/test_4player.py::TestCastling4Player::test_player3_vertical_castling PASSED [ 35%]
tests/unit/game/test_4player.py::TestCastling4Player::test_castling_blocked_by_piece PASSED [ 36%]
tests/unit/game/test_4player.py::TestGameEngine4Player::test_create_4player_game PASSED [ 36%]
tests/unit/game/test_4player.py::TestGameEngine4Player::test_create_4player_game_with_2_players PASSED [ 36%]
tests/unit/game/test_4player.py::TestGameEngine4Player::test_create_4player_game_with_3_players PASSED [ 36%]
tests/unit/game/test_4player.py::TestGameEngine4Player::test_create_standard_game_requires_2_players PASSED [ 36%]
tests/unit/game/test_4player.py::TestGameEngine4Player::test_4player_game_start PASSED [ 36%]
tests/unit/game/test_4player.py::TestGameEngine4Player::test_4player_winner_detection PASSED [ 36%]
tests/unit/game/test_4player.py::TestGameEngine4Player::test_4player_draw_all_kings_captured PASSED [ 36%]
tests/unit/game/test_4player.py::TestGameEngine4Player::test_4player_pawn_promotion_engine PASSED [ 36%]
tests/unit/game/test_4player.py::TestCollisionDetection4Player::test_collision_between_different_players PASSED [ 36%]
tests/unit/game/test_4player.py::TestCollisionDetection4Player::test_no_friendly_fire PASSED [ 36%]
tests/unit/game/test_4player.py::TestCollisionDetection4Player::test_horizontal_pawn_forward_not_mutual_destruction PASSED [ 36%]
tests/unit/game/test_4player.py::TestPlayerOrientations::test_all_players_have_orientations PASSED [ 36%]
tests/unit/game/test_4player.py::TestPlayerOrientations::test_orientations_are_distinct PASSED [ 37%]
tests/unit/game/test_4player.py::TestPlayerOrientations::test_opposite_players_move_opposite PASSED [ 37%]
tests/unit/game/test_4player.py::TestLegalMoves4Player::test_get_legal_moves_4player PASSED [ 37%]
tests/unit/game/test_4player.py::TestLegalMoves4Player::test_legal_moves_include_pawn_moves PASSED [ 37%]
tests/unit/game/test_4player.py::TestStateSerialization4Player::test_to_dict_4player_board PASSED [ 37%]
tests/unit/game/test_board.py::TestBoard::test_create_standard_board PASSED [ 37%]
tests/unit/game/test_board.py::TestBoard::test_standard_board_layout PASSED [ 37%]
tests/unit/game/test_board.py::TestBoard::test_create_empty_board PASSED [ 37%]
tests/unit/game/test_board.py::TestBoard::test_get_piece_by_id PASSED    [ 37%]
tests/unit/game/test_board.py::TestBoard::test_get_piece_at PASSED       [ 37%]
tests/unit/game/test_board.py::TestBoard::test_get_pieces_for_player PASSED [ 37%]
tests/unit/game/test_board.py::TestBoard::test_get_king PASSED           [ 37%]
tests/unit/game/test_board.py::TestBoard::test_get_active_pieces PASSED  [ 38%]
tests/unit/game/test_board.py::TestBoard::test_is_valid_square PASSED    [ 38%]
tests/unit/game/test_board.py::TestBoard::test_board_copy PASSED         [ 38%]
tests/unit/game/test_board.py::TestBoard::test_add_piece PASSED          [ 38%]
tests/unit/game/test_board.py::TestBoard::test_remove_piece PASSED       [ 38%]
tests/unit/game/test_board.py::TestBoard::test_get_piece_by_id_uses_cache PASSED [ 38%]
tests/unit/game/test_board.py::TestBoard::test_id_map_invalidated_on_add PASSED [ 38%]
tests/unit/game/test_board.py::TestBoard::test_id_map_invalidated_on_remove PASSED [ 38%]
tests/unit/game/test_board.py::TestBoard::test_id_map_includes_captured_pieces PASSED [ 38%]
tests/unit/game/test_elo.py::TestConstants::test_default_rating PASSED   [ 38%]
tests/unit/game/test_elo.py::TestConstants::test_min_rating PASSED       [ 38%]
tests/unit/game/test_elo.py::TestConstants::test_k_factor PASSED         [ 38%]
tests/unit/game/test_elo.py::TestConstants::test_k_factor_high PASSED    [ 38%]
tests/unit/game/test_elo.py::TestConstants::test_high_rating_threshold PASSED [ 39%]
tests/unit/game/test_elo.py::TestRatingChange::test_belt_changed_true PASSED [ 39%]
tests/unit/game/test_elo.py::TestRatingChange::test_belt_changed_false PASSED [ 39%]
tests/unit/game/test_elo.py::TestUserRatingStats::test_default PASSED    [ 39%]
tests/unit/game/test_elo.py::TestGetBelt::test_none_for_null_rating PASSED [ 39%]
tests/unit/game/test_elo.py::TestGetBelt::test_white_belt PASSED         [ 39%]
tests/unit/game/test_elo.py::TestGetBelt::test_yellow_belt PASSED        [ 39%]
tests/unit/game/test_elo.py::TestGetBelt::test_green_belt PASSED         [ 39%]
tests/unit/game/test_elo.py::TestGetBelt::test_purple_belt PASSED        [ 39%]
tests/unit/game/test_elo.py::TestGetBelt::test_orange_belt PASSED        [ 39%]
tests/unit/game/test_elo.py::TestGetBelt::test_blue_belt PASSED          [ 39%]
tests/unit/game/test_elo.py::TestGetBelt::test_brown_belt PASSED         [ 39%]
tests/unit/game/test_elo.py::TestGetBelt::test_red_belt PASSED           [ 40%]
tests/unit/game/test_elo.py::TestGetBelt::test_black_belt PASSED         [ 40%]
tests/unit/game/test_elo.py::TestGetBelt::test_belt_boundaries PASSED    [ 40%]
tests/unit/game/test_elo.py::TestGetKFactor::test_low_rating_uses_normal_k PASSED [ 40%]
tests/unit/game/test_elo.py::TestGetKFactor::test_high_rating_uses_reduced_k PASSED [ 40%]
tests/unit/game/test_elo.py::TestClampRating::test_rating_above_min_unchanged PASSED [ 40%]
tests/unit/game/test_elo.py::TestClampRating::test_rating_below_min_clamped PASSED [ 40%]
tests/unit/game/test_elo.py::TestCalculateExpectedScore::test_equal_ratings PASSED [ 40%]
tests/unit/game/test_elo.py::TestCalculateExpectedScore::test_higher_rating_higher_expected PASSED [ 40%]
tests/unit/game/test_elo.py::TestCalculateExpectedScore::test_lower_rating_lower_expected PASSED [ 40%]
tests/unit/game/test_elo.py::TestCalculateExpectedScore::test_expected_scores_sum_to_one PASSED [ 40%]
tests/unit/game/test_elo.py::TestCalculateExpectedScore::test_400_point_difference PASSED [ 40%]
tests/unit/game/test_elo.py::TestUpdateRatings2P::test_player_a_wins PASSED [ 40%]
tests/unit/game/test_elo.py::TestUpdateRatings2P::test_player_b_wins PASSED [ 41%]
tests/unit/game/test_elo.py::TestUpdateRatings2P::test_draw PASSED       [ 41%]
tests/unit/game/test_elo.py::TestUpdateRatings2P::test_upset_gives_larger_change PASSED [ 41%]
tests/unit/game/test_elo.py::TestUpdateRatings2P::test_high_rating_uses_reduced_k PASSED [ 41%]
tests/unit/game/test_elo.py::TestUpdateRatings2P::test_rating_floor PASSED [ 41%]
tests/unit/game/test_elo.py::TestUpdateRatings2P::test_rating_calculation_example PASSED [ 41%]
tests/unit/game/test_elo.py::TestUpdateRatings4P::test_winner_gains_rating PASSED [ 41%]
tests/unit/game/test_elo.py::TestUpdateRatings4P::test_others_lose_to_winner PASSED [ 41%]
tests/unit/game/test_elo.py::TestUpdateRatings4P::test_non_winner_non_losers_draw PASSED [ 41%]
tests/unit/game/test_elo.py::TestUpdateRatings4P::test_draw_no_change PASSED [ 41%]
tests/unit/game/test_elo.py::TestUpdateRatings4P::test_different_ratings PASSED [ 41%]
tests/unit/game/test_elo.py::TestUpdateRatings4P::test_rating_sum_conservation_approx PASSED [ 41%]
tests/unit/game/test_elo.py::TestUpdateRatings4P::test_high_rated_player_smaller_k PASSED [ 42%]
tests/unit/game/test_elo.py::TestUpdateRatings4P::test_rating_floor_4p PASSED [ 42%]
tests/unit/game/test_elo.py::TestRatingKey::test_get_rating_key_2p_standard PASSED [ 42%]
tests/unit/game/test_elo.py::TestRatingKey::test_get_rating_key_2p_lightning PASSED [ 42%]
tests/unit/game/test_elo.py::TestRatingKey::test_get_rating_key_4p_standard PASSED [ 42%]
tests/unit/game/test_elo.py::TestRatingKey::test_get_rating_key_4p_lightning PASSED [ 42%]
tests/unit/game/test_elo.py::TestRatingKey::test_parse_rating_key_2p_standard PASSED [ 42%]
tests/unit/game/test_elo.py::TestRatingKey::test_parse_rating_key_4p_lightning PASSED [ 42%]
tests/unit/game/test_elo.py::TestRatingKey::test_roundtrip PASSED        [ 42%]
tests/unit/game/test_engine.py::TestCreateGame::test_create_game_standard PASSED [ 42%]
tests/unit/game/test_engine.py::TestCreateGame::test_create_game_lightning PASSED [ 42%]
tests/unit/game/test_engine.py::TestCreateGame::test_create_game_custom_id PASSED [ 42%]
tests/unit/game/test_engine.py::TestCreateGame::test_create_game_from_board PASSED [ 42%]
tests/unit/game/test_engine.py::TestSetPlayerReady::test_set_player_ready PASSED [ 43%]
tests/unit/game/test_engine.py::TestSetPlayerReady::test_game_starts_when_all_ready PASSED [ 43%]
tests/unit/game/test_engine.py::TestSetPlayerReady::test_bot_auto_ready PASSED [ 43%]
tests/unit/game/test_engine.py::TestSetPlayerReady::test_invalid_player_ready PASSED [ 43%]
tests/unit/game/test_engine.py::TestValidateMove::test_validate_valid_move PASSED [ 43%]
tests/unit/game/test_engine.py::TestValidateMove::test_validate_move_wrong_player PASSED [ 43%]
tests/unit/game/test_engine.py::TestValidateMove::test_validate_move_piece_moving PASSED [ 43%]
tests/unit/game/test_engine.py::TestValidateMove::test_validate_move_piece_on_cooldown PASSED [ 43%]
tests/unit/game/test_engine.py::TestValidateMove::test_validate_move_game_not_playing PASSED [ 43%]
tests/unit/game/test_engine.py::TestValidateMove::test_validate_move_captured_piece PASSED [ 43%]
tests/unit/game/test_engine.py::TestValidateMove::test_validate_move_blocked_by_enemy_piece PASSED [ 43%]
tests/unit/game/test_engine.py::TestApplyMove::test_apply_move PASSED    [ 43%]
tests/unit/game/test_engine.py::TestApplyMove::test_apply_move_records_replay PASSED [ 43%]
tests/unit/game/test_engine.py::TestApplyMove::test_apply_castling_emits_events_for_both_pieces PASSED [ 44%]
tests/unit/game/test_engine.py::TestTick::test_tick_advances_game PASSED [ 44%]
tests/unit/game/test_engine.py::TestTick::test_tick_completes_move PASSED [ 44%]
tests/unit/game/test_engine.py::TestTick::test_tick_pawn_promotion PASSED [ 44%]
tests/unit/game/test_engine.py::TestTick::test_tick_cooldown_expiration PASSED [ 44%]
tests/unit/game/test_engine.py::TestTick::test_tick_cooldown_records_end_tick_on_piece PASSED [ 44%]
tests/unit/game/test_engine.py::TestTick::test_tick_not_playing PASSED   [ 44%]
tests/unit/game/test_engine.py::TestCheckWinner::test_king_captured_wins PASSED [ 44%]
tests/unit/game/test_engine.py::TestCheckWinner::test_no_winner_ongoing PASSED [ 44%]
tests/unit/game/test_engine.py::TestGetLegalMoves::test_get_legal_moves_initial_position PASSED [ 44%]
tests/unit/game/test_engine.py::TestGetLegalMoves::test_get_legal_moves_excludes_moving_pieces PASSED [ 44%]
tests/unit/game/test_engine.py::TestGetLegalMovesFastEquivalence::test_initial_position_standard PASSED [ 44%]
tests/unit/game/test_engine.py::TestGetLegalMovesFastEquivalence::test_with_active_moves_and_cooldowns PASSED [ 45%]
tests/unit/game/test_engine.py::TestGetLegalMovesFastEquivalence::test_with_ignore_cooldown PASSED [ 45%]
tests/unit/game/test_engine.py::TestGetLegalMovesFastEquivalence::test_4player_initial PASSED [ 45%]
tests/unit/game/test_engine.py::TestGetLegalMovesFastEquivalence::test_castling_available PASSED [ 45%]
tests/unit/game/test_engine.py::TestGetPieceState::test_get_piece_state PASSED [ 45%]
tests/unit/game/test_engine.py::TestGetPieceState::test_get_piece_state_moving PASSED [ 45%]
tests/unit/game/test_engine.py::TestGetPieceState::test_get_piece_state_nonexistent PASSED [ 45%]
tests/unit/game/test_engine.py::TestCaptureFlow::test_capture_by_collision PASSED [ 45%]
tests/unit/game/test_engine.py::TestCaptureFlow::test_mutual_destruction PASSED [ 45%]
tests/unit/game/test_engine.py::TestWinnerCheck::test_simultaneous_king_capture_is_draw PASSED [ 45%]
tests/unit/game/test_engine.py::TestWinnerCheck::test_winner_with_multiple_players PASSED [ 45%]
tests/unit/game/test_engine.py::TestWinnerCheck::test_two_players_remaining PASSED [ 45%]
tests/unit/game/test_engine.py::TestAllBotsRemaining::test_all_bots_remaining_ends_game PASSED [ 45%]
tests/unit/game/test_engine.py::TestAllBotsRemaining::test_human_still_alive_continues PASSED [ 46%]
tests/unit/game/test_engine.py::TestAllBotsRemaining::test_does_not_apply_to_2player PASSED [ 46%]
tests/unit/game/test_engine.py::TestCastlingCapture::test_rook_move_cancelled_when_king_captured_during_castling PASSED [ 46%]
tests/unit/game/test_engine.py::TestCastlingCapture::test_extra_move_cancellation_on_capture PASSED [ 46%]
tests/unit/game/test_engine.py::TestStateSerialization::test_to_dict_includes_extra_move PASSED [ 46%]
tests/unit/game/test_engine.py::TestStateSerialization::test_to_dict_no_extra_move_for_normal_moves PASSED [ 46%]
tests/unit/game/test_engine.py::TestStateSerialization::test_to_dict_includes_moved_flag PASSED [ 46%]
tests/unit/game/test_engine.py::TestStateSerialization::test_to_dict_includes_board_metadata PASSED [ 46%]
tests/unit/game/test_moves.py::TestMove::test_move_properties PASSED     [ 46%]
tests/unit/game/test_moves.py::TestMove::test_move_single_square PASSED  [ 46%]
tests/unit/game/test_moves.py::TestCooldown::test_cooldown_active PASSED [ 46%]
tests/unit/game/test_moves.py::TestPawnPath::test_pawn_forward_one PASSED [ 46%]
tests/unit/game/test_moves.py::TestPawnPath::test_pawn_forward_two_from_start PASSED [ 47%]
tests/unit/game/test_moves.py::TestPawnPath::test_pawn_forward_two_not_from_start PASSED [ 47%]
tests/unit/game/test_moves.py::TestPawnPath::test_pawn_blocked PASSED    [ 47%]
tests/unit/game/test_moves.py::TestPawnPath::test_pawn_diagonal_capture PASSED [ 47%]
tests/unit/game/test_moves.py::TestPawnPath::test_pawn_backward_invalid PASSED [ 47%]
tests/unit/game/test_moves.py::TestPawnPath::test_black_pawn_direction PASSED [ 47%]
tests/unit/game/test_moves.py::TestKnightPath::test_knight_cannot_land_on_own_piece PASSED [ 47%]
tests/unit/game/test_moves.py::TestKnightPath::test_knight_cannot_land_on_own_moving_piece_destination PASSED [ 47%]
tests/unit/game/test_moves.py::TestKnightPath::test_knight_can_land_on_enemy_piece PASSED [ 47%]
tests/unit/game/test_moves.py::TestKnightPath::test_knight_can_land_on_vacating_square PASSED [ 47%]
tests/unit/game/test_moves.py::TestKnightPath::test_knight_l_moves PASSED [ 47%]
tests/unit/game/test_moves.py::TestKnightPath::test_knight_invalid_moves PASSED [ 47%]
tests/unit/game/test_moves.py::TestBishopPath::test_bishop_diagonal PASSED [ 47%]
tests/unit/game/test_moves.py::TestBishopPath::test_bishop_invalid_moves PASSED [ 48%]
tests/unit/game/test_moves.py::TestRookPath::test_rook_horizontal PASSED [ 48%]
tests/unit/game/test_moves.py::TestRookPath::test_rook_vertical PASSED   [ 48%]
tests/unit/game/test_moves.py::TestRookPath::test_rook_invalid_moves PASSED [ 48%]
tests/unit/game/test_moves.py::TestQueenPath::test_queen_diagonal PASSED [ 48%]
tests/unit/game/test_moves.py::TestQueenPath::test_queen_horizontal PASSED [ 48%]
tests/unit/game/test_moves.py::TestQueenPath::test_queen_vertical PASSED [ 48%]
tests/unit/game/test_moves.py::TestQueenPath::test_queen_invalid_moves PASSED [ 48%]
tests/unit/game/test_moves.py::TestKingPath::test_king_all_directions PASSED [ 48%]
tests/unit/game/test_moves.py::TestKingPath::test_king_invalid_moves PASSED [ 48%]
tests/unit/game/test_moves.py::TestComputeMovePath::test_compute_move_path_pawn PASSED [ 48%]
tests/unit/game/test_moves.py::TestComputeMovePath::test_compute_move_path_blocked PASSED [ 48%]
tests/unit/game/test_moves.py::TestComputeMovePath::test_compute_move_path_invalid_destination PASSED [ 49%]
tests/unit/game/test_moves.py::TestCastling::test_kingside_castling PASSED [ 49%]
tests/unit/game/test_moves.py::TestCastling::test_queenside_castling PASSED [ 49%]
tests/unit/game/test_moves.py::TestCastling::test_castling_king_moved PASSED [ 49%]
tests/unit/game/test_moves.py::TestCastling::test_castling_rook_moved PASSED [ 49%]
tests/unit/game/test_moves.py::TestCastling::test_castling_path_blocked PASSED [ 49%]
tests/unit/game/test_moves.py::TestCastling::test_not_king PASSED        [ 49%]
tests/unit/game/test_moves.py::TestCastling::test_castling_blocked_by_moving_piece PASSED [ 49%]
tests/unit/game/test_moves.py::TestCastling::test_castling_rook_on_cooldown PASSED [ 49%]
tests/unit/game/test_moves.py::TestCastling::test_castling_rook_on_cooldown_expired PASSED [ 49%]
tests/unit/game/test_moves.py::TestCastling::test_castling_rook_moving PASSED [ 49%]
tests/unit/game/test_moves.py::TestPathBlocking::test_can_move_to_vacating_enemy_square PASSED [ 49%]
tests/unit/game/test_moves.py::TestPathBlocking::test_can_capture_stationary_enemy PASSED [ 49%]
tests/unit/game/test_moves.py::TestPathBlocking::test_own_forward_path_blocks_own_pieces PASSED [ 50%]
tests/unit/game/test_moves.py::TestPathBlocking::test_own_backward_path_does_not_block PASSED [ 50%]
tests/unit/game/test_moves.py::TestPathBlocking::test_enemy_forward_path_does_not_block PASSED [ 50%]
tests/unit/game/test_moves.py::TestPathBlocking::test_knight_can_move_to_vacating_enemy_square PASSED [ 50%]
tests/unit/game/test_moves.py::TestPathBlocking::test_knight_blocked_by_own_forward_path PASSED [ 50%]
tests/unit/game/test_moves.py::TestPathBlocking::test_knight_forward_path_does_not_block PASSED [ 50%]
tests/unit/game/test_moves.py::TestPathBlocking::test_pawn_can_advance_to_vacating_own_square PASSED [ 50%]
tests/unit/game/test_moves.py::TestPathBlocking::test_pawn_cannot_advance_to_own_stationary_piece PASSED [ 50%]
tests/unit/game/test_moves.py::TestPathBlocking::test_pawn_double_advance_through_vacating_square PASSED [ 50%]
tests/unit/game/test_moves.py::TestSameLineSliderBlocking::test_rook_blocked_by_enemy_rook_same_rank PASSED [ 50%]
tests/unit/game/test_moves.py::TestSameLineSliderBlocking::test_rook_blocked_by_enemy_rook_same_file PASSED [ 50%]
tests/unit/game/test_moves.py::TestSameLineSliderBlocking::test_bishop_blocked_by_enemy_queen_same_diagonal PASSED [ 50%]
tests/unit/game/test_moves.py::TestSameLineSliderBlocking::test_rook_not_blocked_by_enemy_rook_different_rank PASSED [ 50%]
tests/unit/game/test_moves.py::TestSameLineSliderBlocking::test_rook_not_blocked_by_enemy_knight PASSED [ 51%]
tests/unit/game/test_moves.py::TestSameLineSliderBlocking::test_rook_blocked_by_enemy_pawn_same_rank PASSED [ 51%]
tests/unit/game/test_moves.py::TestSameLineSliderBlocking::test_queen_blocked_by_enemy_king_same_file PASSED [ 51%]
tests/unit/game/test_moves.py::TestSameLineSliderBlocking::test_perpendicular_enemy_rook_does_not_block PASSED [ 51%]
tests/unit/game/test_moves.py::TestSameLineSliderBlocking::test_enemy_slider_completed_move_does_not_block PASSED [ 51%]
tests/unit/game/test_moves.py::TestSameLineSliderBlocking::test_rook_can_move_short_behind_enemy_moving_away PASSED [ 51%]
tests/unit/game/test_moves.py::TestPawnOncomingEnemyBlocking::test_pawn_blocked_by_oncoming_king PASSED [ 51%]
tests/unit/game/test_moves.py::TestPawnOncomingEnemyBlocking::test_pawn_blocked_by_oncoming_queen PASSED [ 51%]
tests/unit/game/test_moves.py::TestPawnOncomingEnemyBlocking::test_pawn_not_blocked_when_enemy_moving_away PASSED [ 51%]
tests/unit/game/test_moves.py::TestPawnOncomingEnemyBlocking::test_pawn_not_blocked_when_enemy_on_different_file PASSED [ 51%]
tests/unit/game/test_moves.py::TestPawnOncomingEnemyBlocking::test_pawn_diagonal_capture_not_blocked PASSED [ 51%]
tests/unit/game/test_moves.py::TestPawnOncomingEnemyBlocking::test_pawn_double_forward_blocked PASSED [ 51%]
tests/unit/game/test_moves.py::TestPathClearContext::test_context_matches_inline_for_slider_blocking PASSED [ 52%]
tests/unit/game/test_moves.py::TestPathClearContext::test_context_matches_inline_for_own_forward_blocking PASSED [ 52%]
tests/unit/game/test_moves.py::TestPathClearContext::test_context_matches_inline_for_knight_destination PASSED [ 52%]
tests/unit/game/test_moves.py::TestPathClearContext::test_context_matches_inline_for_unblocked_move PASSED [ 52%]
tests/unit/game/test_moves.py::TestPathClearContext::test_context_moving_piece_ids PASSED [ 52%]
tests/unit/game/test_moves.py::TestPathClearContext::test_context_pawn_oncoming_enemy PASSED [ 52%]
tests/unit/game/test_pieces.py::TestPieceType::test_piece_type_values PASSED [ 52%]
tests/unit/game/test_pieces.py::TestPieceType::test_piece_type_str PASSED [ 52%]
tests/unit/game/test_pieces.py::TestPiece::test_create_piece PASSED      [ 52%]
tests/unit/game/test_pieces.py::TestPiece::test_piece_position PASSED    [ 52%]
tests/unit/game/test_pieces.py::TestPiece::test_piece_position_interpolation PASSED [ 52%]
tests/unit/game/test_pieces.py::TestPiece::test_piece_copy PASSED        [ 52%]
tests/unit/game/test_pieces.py::TestPiece::test_piece_types PASSED       [ 52%]
tests/unit/game/test_replay.py::TestReplayDataclass::test_from_game_state PASSED [ 53%]
tests/unit/game/test_replay.py::TestReplayDataclass::test_to_dict PASSED [ 53%]
tests/unit/game/test_replay.py::TestReplayDataclass::test_from_dict_v2 PASSED [ 53%]
tests/unit/game/test_replay.py::TestReplayDataclass::test_get_moves_at_tick PASSED [ 53%]
tests/unit/game/test_replay.py::TestReplayDataclass::test_get_moves_in_range PASSED [ 53%]
tests/unit/game/test_replay.py::TestV1Conversion::test_convert_v1_to_v2 PASSED [ 53%]
tests/unit/game/test_replay.py::TestV1Conversion::test_from_dict_auto_detects_v1 PASSED [ 53%]
tests/unit/game/test_replay.py::TestV1Conversion::test_roundtrip_conversion PASSED [ 53%]
tests/unit/game/test_replay.py::TestReplayEngine::test_get_initial_state PASSED [ 53%]
tests/unit/game/test_replay.py::TestReplayEngine::test_get_state_at_tick_with_move PASSED [ 53%]
tests/unit/game/test_replay.py::TestReplayEngine::test_get_state_at_tick_after_move_complete PASSED [ 53%]
tests/unit/game/test_replay.py::TestReplayEngine::test_moves_indexed_by_tick PASSED [ 53%]
tests/unit/game/test_replay.py::TestReplayMoveRecording::test_moves_are_recorded PASSED [ 54%]
tests/unit/game/test_replay.py::TestReplayMoveRecording::test_multiple_moves_recorded PASSED [ 54%]
tests/unit/game/test_snapshot.py::TestPieceSerialization::test_basic_piece_round_trip PASSED [ 54%]
tests/unit/game/test_snapshot.py::TestPieceSerialization::test_captured_moved_piece PASSED [ 54%]
tests/unit/game/test_snapshot.py::TestPieceSerialization::test_piece_with_float_position PASSED [ 54%]
tests/unit/game/test_snapshot.py::TestPieceSerialization::test_all_piece_types PASSED [ 54%]
tests/unit/game/test_snapshot.py::TestPieceSerialization::test_piece_dict_keys PASSED [ 54%]
tests/unit/game/test_snapshot.py::TestPieceSerialization::test_piece_json_round_trip PASSED [ 54%]
tests/unit/game/test_snapshot.py::TestMoveSerialization::test_basic_move_round_trip PASSED [ 54%]
tests/unit/game/test_snapshot.py::TestMoveSerialization::test_move_with_extra_move PASSED [ 54%]
tests/unit/game/test_snapshot.py::TestMoveSerialization::test_knight_move_with_float_midpoint PASSED [ 54%]
tests/unit/game/test_snapshot.py::TestMoveSerialization::test_move_path_serialized_as_lists PASSED [ 54%]
tests/unit/game/test_snapshot.py::TestMoveSerialization::test_move_dict_keys PASSED [ 54%]
tests/unit/game/test_snapshot.py::TestCooldownSerialization::test_cooldown_round_trip PASSED [ 55%]
tests/unit/game/test_snapshot.py::TestCooldownSerialization::test_cooldown_is_active_preserved PASSED [ 55%]
tests/unit/game/test_snapshot.py::TestCooldownSerialization::test_cooldown_dict_keys PASSED [ 55%]
tests/unit/game/test_snapshot.py::TestReplayMoveSerialization::test_replay_move_round_trip PASSED [ 55%]
tests/unit/game/test_snapshot.py::TestReplayMoveSerialization::test_replay_move_dict_keys PASSED [ 55%]
tests/unit/game/test_snapshot.py::TestGameStateSnapshotSerialization::test_initial_game_round_trip PASSED [ 55%]
tests/unit/game/test_snapshot.py::TestGameStateSnapshotSerialization::test_mid_game_round_trip PASSED [ 55%]
tests/unit/game/test_snapshot.py::TestGameStateSnapshotSerialization::test_finished_game_round_trip PASSED [ 55%]
tests/unit/game/test_snapshot.py::TestGameStateSnapshotSerialization::test_players_dict_preserved PASSED [ 55%]
tests/unit/game/test_snapshot.py::TestGameStateSnapshotSerialization::test_players_dict_keys_are_ints_after_json PASSED [ 55%]
tests/unit/game/test_snapshot.py::TestGameStateSnapshotSerialization::test_pieces_fully_preserved PASSED [ 55%]
tests/unit/game/test_snapshot.py::TestGameStateSnapshotSerialization::test_castling_move_with_extra_move PASSED [ 55%]
tests/unit/game/test_snapshot.py::TestGameStateSnapshotSerialization::test_draw_win_reason PASSED [ 56%]
tests/unit/game/test_snapshot.py::TestGameStateSnapshotSerialization::test_resignation_win_reason PASSED [ 56%]
tests/unit/game/test_snapshot.py::TestGameStateSnapshotSerialization::test_invalid_win_reason PASSED [ 56%]
tests/unit/game/test_snapshot.py::TestGameStateSnapshotSerialization::test_multiple_simultaneous_active_moves PASSED [ 56%]
tests/unit/game/test_snapshot.py::TestGameStateSnapshotSerialization::test_config_property_works_after_restore PASSED [ 56%]
tests/unit/game/test_snapshot.py::TestGameStateSnapshotSerialization::test_full_json_round_trip PASSED [ 56%]
tests/unit/game/test_snapshot.py::TestGameStateSnapshotSerialization::test_snapshot_dict_keys PASSED [ 56%]
tests/unit/game/test_snapshot.py::TestFourPlayerSerialization::test_4player_with_eliminated_players PASSED [ 56%]
tests/unit/game/test_snapshot.py::TestFourPlayerSerialization::test_4player_game_round_trip PASSED [ 56%]
tests/unit/game/test_snapshot.py::TestGameSnapshotSerialization::test_basic_snapshot_round_trip PASSED [ 56%]
tests/unit/game/test_snapshot.py::TestGameSnapshotSerialization::test_campaign_snapshot PASSED [ 56%]
tests/unit/game/test_snapshot.py::TestGameSnapshotSerialization::test_snapshot_json_round_trip PASSED [ 56%]
tests/unit/game/test_snapshot.py::TestGameSnapshotSerialization::test_snapshot_int_key_preservation_through_json PASSED [ 56%]
tests/unit/game/test_snapshot.py::TestGameSnapshotSerialization::test_snapshot_dict_keys PASSED [ 57%]
tests/unit/game/test_snapshot.py::TestGameSnapshotSerialization::test_snapshot_with_resigned_piece_ids PASSED [ 57%]
tests/unit/game/test_snapshot.py::TestGameSnapshotSerialization::test_snapshot_with_draw_offers PASSED [ 57%]
tests/unit/game/test_snapshot.py::TestGameSnapshotSerialization::test_snapshot_with_force_broadcast PASSED [ 57%]
tests/unit/game/test_snapshot.py::TestGameSnapshotSerialization::test_snapshot_defaults_for_new_fields PASSED [ 57%]
tests/unit/game/test_snapshot.py::TestEndToEndSnapshot::test_full_pipeline PASSED [ 57%]
tests/unit/game/test_snapshot.py::TestEndToEndSnapshot::test_snapshot_size_reasonable PASSED [ 57%]
tests/unit/redis/test_claim_routing.py::TestClaimGameRouting::test_claim_succeeds_when_expected_matches PASSED [ 57%]
tests/unit/redis/test_claim_routing.py::TestClaimGameRouting::test_claim_fails_when_different_owner PASSED [ 57%]
tests/unit/redis/test_claim_routing.py::TestClaimGameRouting::test_claim_fails_on_missing_key PASSED [ 57%]
tests/unit/redis/test_claim_routing.py::TestClaimGameRouting::test_claim_sets_ttl PASSED [ 57%]
tests/unit/redis/test_claim_routing.py::TestClaimGameRouting::test_claim_preserves_ttl_on_failure PASSED [ 57%]
tests/unit/redis/test_claim_routing.py::TestClaimGameRouting::test_claim_is_atomic_concurrent PASSED [ 57%]
tests/unit/redis/test_claim_routing.py::TestClaimGameRouting::test_claim_empty_expected_matches_empty_value PASSED [ 58%]
tests/unit/redis/test_claim_routing.py::TestClaimGameRouting::test_claim_different_games_independent PASSED [ 58%]
tests/unit/redis/test_client.py::TestRedisClient::test_get_redis_creates_client PASSED [ 58%]
tests/unit/redis/test_client.py::TestRedisClient::test_get_redis_returns_same_instance PASSED [ 58%]
tests/unit/redis/test_client.py::TestRedisClient::test_close_redis_closes_client PASSED [ 58%]
tests/unit/redis/test_client.py::TestRedisClient::test_close_redis_noop_when_not_connected PASSED [ 58%]
tests/unit/redis/test_heartbeat.py::TestHeartbeat::test_heartbeat_sets_key PASSED [ 58%]
tests/unit/redis/test_heartbeat.py::TestHeartbeat::test_heartbeat_key_has_ttl PASSED [ 58%]
tests/unit/redis/test_heartbeat.py::TestHeartbeat::test_stop_heartbeat_removes_key PASSED [ 58%]
tests/unit/redis/test_heartbeat.py::TestHeartbeat::test_start_heartbeat_idempotent PASSED [ 58%]
tests/unit/redis/test_heartbeat.py::TestHeartbeat::test_stop_heartbeat_idempotent PASSED [ 58%]
tests/unit/redis/test_heartbeat.py::TestHeartbeat::test_heartbeat_key_format PASSED [ 58%]
tests/unit/redis/test_heartbeat.py::TestIsServerAlive::test_alive_server PASSED [ 59%]
tests/unit/redis/test_heartbeat.py::TestIsServerAlive::test_dead_server PASSED [ 59%]
tests/unit/redis/test_heartbeat.py::TestIsServerAlive::test_stopped_server PASSED [ 59%]
tests/unit/redis/test_lobby_serialization.py::TestLobbyPlayerSerialization::test_basic_human_player PASSED [ 59%]
tests/unit/redis/test_lobby_serialization.py::TestLobbyPlayerSerialization::test_ai_player PASSED [ 59%]
tests/unit/redis/test_lobby_serialization.py::TestLobbyPlayerSerialization::test_ready_player PASSED [ 59%]
tests/unit/redis/test_lobby_serialization.py::TestLobbyPlayerSerialization::test_disconnected_player PASSED [ 59%]
tests/unit/redis/test_lobby_serialization.py::TestLobbyPlayerSerialization::test_guest_player PASSED [ 59%]
tests/unit/redis/test_lobby_serialization.py::TestLobbyPlayerSerialization::test_picture_url PASSED [ 59%]
tests/unit/redis/test_lobby_serialization.py::TestLobbySettingsSerialization::test_default_settings PASSED [ 59%]
tests/unit/redis/test_lobby_serialization.py::TestLobbySettingsSerialization::test_custom_settings PASSED [ 59%]
tests/unit/redis/test_lobby_serialization.py::TestLobbySerialization::test_basic_lobby PASSED [ 59%]
tests/unit/redis/test_lobby_serialization.py::TestLobbySerialization::test_lobby_with_ai PASSED [ 59%]
tests/unit/redis/test_lobby_serialization.py::TestLobbySerialization::test_lobby_in_game PASSED [ 60%]
tests/unit/redis/test_lobby_serialization.py::TestLobbySerialization::test_lobby_finished PASSED [ 60%]
tests/unit/redis/test_lobby_serialization.py::TestLobbySerialization::test_four_player_lobby PASSED [ 60%]
tests/unit/redis/test_lobby_serialization.py::TestLobbySerialization::test_player_dict_keys_are_strings_in_json PASSED [ 60%]
tests/unit/redis/test_lobby_serialization.py::TestLobbySerialization::test_disconnected_player_in_lobby PASSED [ 60%]
[...]
tests/unit/utils/test_display_name.py::TestResolveFromInfo::test_legacy_bot_player PASSED [ 93%]
tests/unit/utils/test_display_name.py::TestResolveFromInfo::test_mixed_players PASSED [ 93%]
tests/unit/utils/test_display_name.py::TestResolveFromInfo::test_empty_players PASSED [ 93%]
tests/unit/utils/test_display_name.py::TestResolvePlayerInfo::test_resolves_with_db PASSED [ 93%]
tests/unit/utils/test_display_name.py::TestResolvePlayerInfoBatch::test_single_query_for_multiple_dicts PASSED [ 93%]
tests/unit/utils/test_display_name.py::TestResolvePlayerInfoBatch::test_empty_list PASSED [ 94%]
tests/unit/ws/test_handler.py::TestHasStateChanged::test_returns_true_when_events_present PASSED [ 94%]
tests/unit/ws/test_handler.py::TestHasStateChanged::test_returns_true_when_active_move_started PASSED [ 94%]
tests/unit/ws/test_handler.py::TestHasStateChanged::test_returns_true_when_active_move_ended PASSED [ 94%]
tests/unit/ws/test_handler.py::TestHasStateChanged::test_returns_true_when_cooldown_started PASSED [ 94%]
tests/unit/ws/test_handler.py::TestHasStateChanged::test_returns_true_when_cooldown_ended PASSED [ 94%]
tests/unit/ws/test_handler.py::TestHasStateChanged::test_returns_false_when_nothing_changed PASSED [ 94%]
tests/unit/ws/test_handler.py::TestHasStateChanged::test_returns_false_when_empty_state_unchanged PASSED [ 94%]
tests/unit/ws/test_handler.py::TestHasStateChanged::test_returns_true_with_multiple_active_moves_changing PASSED [ 94%]
tests/unit/ws/test_handler.py::TestHasStateChanged::test_returns_true_with_multiple_cooldowns_changing PASSED [ 94%]
tests/unit/ws/test_handler.py::TestHasStateChanged::test_events_take_priority_over_unchanged_state PASSED [ 94%]
tests/unit/ws/test_handler_crash_recovery.py::TestCrashRecovery::test_dead_server_triggers_recovery PASSED [ 94%]
tests/unit/ws/test_handler_crash_recovery.py::TestCrashRecovery::test_alive_server_triggers_redirect PASSED [ 94%]
tests/unit/ws/test_handler_crash_recovery.py::TestCrashRecovery::test_cas_race_lost_redirects_to_winner PASSED [ 95%]
tests/unit/ws/test_handler_crash_recovery.py::TestCrashRecovery::test_no_snapshot_after_cas_returns_4004 PASSED [ 95%]
tests/unit/ws/test_handler_crash_recovery.py::TestCrashRecovery::test_no_routing_key_returns_4004 PASSED [ 95%]
tests/unit/ws/test_handler_drain.py::TestConnectionManagerCloseAll::test_close_all_closes_every_connection PASSED [ 95%]
tests/unit/ws/test_handler_drain.py::TestConnectionManagerCloseAll::test_close_all_clears_connections_dict PASSED [ 95%]
tests/unit/ws/test_handler_drain.py::TestConnectionManagerCloseAll::test_close_all_handles_already_closed PASSED [ 95%]
tests/unit/ws/test_handler_drain.py::TestConnectionManagerCloseAll::test_close_all_uses_custom_code PASSED [ 95%]
tests/unit/ws/test_handler_drain.py::TestConnectionManagerCloseAll::test_close_all_on_empty_manager PASSED [ 95%]
tests/unit/ws/test_handler_drain.py::TestConnectionManagerCloseAll::test_close_all_with_spectators PASSED [ 95%]
tests/unit/ws/test_handler_routing.py::TestWebSocketRedirect::test_redirect_to_other_server PASSED [ 95%]
tests/unit/ws/test_handler_routing.py::TestWebSocketRedirect::test_no_routing_key_returns_4004 PASSED [ 95%]
tests/unit/ws/test_handler_routing.py::TestWebSocketRedirect::test_stale_self_routing_returns_4004 PASSED [ 95%]
tests/unit/ws/test_handler_routing.py::TestWebSocketRedirect::test_redis_error_falls_through_to_4004 PASSED [ 96%]
tests/unit/ws/test_handler_routing.py::TestWebSocketRedirect::test_redirect_preserves_server_id_in_reason PASSED [ 96%]
tests/unit/ws/test_handler_routing.py::TestWebSocketRedirect::test_local_game_skips_redirect PASSED [ 96%]
tests/unit/ws/test_handler_routing.py::TestWebSocketRedirect::test_redirect_with_player_key PASSED [ 96%]
tests/unit/ws/test_handler_routing.py::TestWebSocketAcceptBeforeClose::test_accept_called_before_redirect_close PASSED [ 96%]
tests/unit/ws/test_handler_routing.py::TestWebSocketAcceptBeforeClose::test_accept_called_before_4004_close PASSED [ 96%]
tests/unit/ws/test_handler_routing.py::TestWebSocketAcceptBeforeClose::test_accept_called_before_4001_close PASSED [ 96%]
tests/unit/ws/test_handler_snapshot.py::TestBuildSnapshot::test_build_snapshot_basic PASSED [ 96%]
tests/unit/ws/test_handler_snapshot.py::TestBuildSnapshot::test_build_snapshot_extracts_ai_config PASSED [ 96%]
tests/unit/ws/test_handler_snapshot.py::TestBuildSnapshot::test_build_snapshot_no_ai_for_humans PASSED [ 96%]
tests/unit/ws/test_handler_snapshot.py::TestBuildSnapshot::test_build_snapshot_campaign_fields PASSED [ 96%]
tests/unit/ws/test_handler_snapshot.py::TestBuildSnapshot::test_build_snapshot_draw_offers PASSED [ 96%]
tests/unit/ws/test_handler_snapshot.py::TestBuildSnapshot::test_build_snapshot_resigned_piece_ids PASSED [ 96%]
tests/unit/ws/test_handler_snapshot.py::TestBuildSnapshot::test_build_snapshot_force_broadcast PASSED [ 97%]
tests/unit/ws/test_handler_snapshot.py::TestBuildSnapshot::test_build_snapshot_server_id PASSED [ 97%]
tests/unit/ws/test_handler_snapshot.py::TestBuildSnapshot::test_build_snapshot_state_is_serialized PASSED [ 97%]
tests/unit/ws/test_handler_snapshot.py::TestBuildSnapshot::test_build_snapshot_4player_ai_config PASSED [ 97%]
tests/unit/ws/test_handler_snapshot.py::TestBuildSnapshot::test_build_snapshot_snapshot_time_is_recent PASSED [ 97%]
tests/unit/ws/test_handler_snapshot.py::TestBuildSnapshot::test_build_snapshot_reads_ai_config_from_managed_game PASSED [ 97%]
tests/unit/ws/test_handler_snapshot.py::TestSnapshotInterval::test_snapshot_interval_is_30_ticks PASSED [ 97%]
tests/unit/ws/test_handler_snapshot.py::TestSnapshotInterval::test_tick_0_triggers_snapshot PASSED [ 97%]
tests/unit/ws/test_handler_snapshot.py::TestSnapshotInterval::test_tick_29_does_not_trigger PASSED [ 97%]
tests/unit/ws/test_handler_snapshot.py::TestSnapshotInterval::test_tick_30_triggers_snapshot PASSED [ 97%]
tests/unit/ws/test_handler_snapshot.py::TestFireAndForget::test_save_snapshot_fire_and_forget_calls_redis PASSED [ 97%]
tests/unit/ws/test_handler_snapshot.py::TestFireAndForget::test_save_snapshot_error_does_not_propagate PASSED [ 97%]
tests/unit/ws/test_handler_snapshot.py::TestFireAndForget::test_delete_snapshot_and_routing_calls_redis PASSED [ 98%]
tests/unit/ws/test_handler_snapshot.py::TestFireAndForget::test_delete_snapshot_error_does_not_propagate PASSED [ 98%]
tests/unit/ws/test_lobby_handler_drain.py::TestLobbyWsRegistry::test_registry_starts_empty PASSED [ 98%]
tests/unit/ws/test_lobby_handler_drain.py::TestLobbyWsRegistry::test_adding_websocket PASSED [ 98%]
tests/unit/ws/test_lobby_handler_drain.py::TestLobbyWsRegistry::test_discarding_websocket PASSED [ 98%]
tests/unit/ws/test_lobby_handler_drain.py::TestLobbyWsRegistry::test_discard_nonexistent_is_noop PASSED [ 98%]
tests/unit/ws/test_lobby_handler_drain.py::TestCloseAllLobbyWebsockets::test_closes_all_connections PASSED [ 98%]
tests/unit/ws/test_lobby_handler_drain.py::TestCloseAllLobbyWebsockets::test_handles_already_closed PASSED [ 98%]
tests/unit/ws/test_lobby_handler_drain.py::TestCloseAllLobbyWebsockets::test_empty_registry_is_noop PASSED [ 98%]
tests/unit/ws/test_lobby_handler_drain.py::TestLobbyStartGameDrain::test_start_game_blocked_during_drain PASSED [ 98%]
tests/unit/ws/test_lobby_handler_drain.py::TestLobbyStartGameDrain::test_start_game_allowed_when_not_draining PASSED [ 98%]
tests/unit/ws/test_protocol.py::TestServerMessageTypes::test_rating_update_type_exists PASSED [ 98%]
tests/unit/ws/test_protocol.py::TestServerMessageTypes::test_all_server_message_types PASSED [ 98%]
tests/unit/ws/test_protocol.py::TestRatingChangeData::test_basic_rating_change PASSED [ 99%]
tests/unit/ws/test_protocol.py::TestRatingChangeData::test_rating_change_with_belt_promotion PASSED [ 99%]
tests/unit/ws/test_protocol.py::TestRatingChangeData::test_rating_change_negative PASSED [ 99%]
tests/unit/ws/test_protocol.py::TestRatingUpdateMessage::test_message_type PASSED [ 99%]
tests/unit/ws/test_protocol.py::TestRatingUpdateMessage::test_message_with_two_player_ratings PASSED [ 99%]
tests/unit/ws/test_protocol.py::TestRatingUpdateMessage::test_message_serialization PASSED [ 99%]
tests/unit/ws/test_protocol.py::TestRatingUpdateMessage::test_message_with_four_player_ratings PASSED [ 99%]
tests/unit/ws/test_protocol.py::TestClientMessageTypes::test_resign_type_exists PASSED [ 99%]
tests/unit/ws/test_protocol.py::TestResignMessage::test_message_type PASSED [ 99%]
tests/unit/ws/test_protocol.py::TestResignMessage::test_serialization PASSED [ 99%]
tests/unit/ws/test_protocol.py::TestParseClientMessage::test_parse_resign_message PASSED [ 99%]
tests/unit/ws/test_protocol.py::TestParseClientMessage::test_parse_invalid_type PASSED [ 99%]
tests/unit/ws/test_protocol.py::TestParseClientMessage::test_parse_empty_dict PASSED [100%]

=============================== warnings summary ===============================
tests/integration/test_rating_service.py::TestRatingServiceIntegration::test_update_ratings_existing_users
  /home/jeffr/code/kfchess-cc/server/.venv/lib/python3.12/site-packages/_pytest/unraisableexception.py:67: PytestUnraisableExceptionWarning: Exception ignored in: <coroutine object Connection._cancel at 0x7f63e7e58400>
  
  Traceback (most recent call last):
    File "<string>", line 1, in <lambda>
  KeyError: '__import__'
  
  Enable tracemalloc to get traceback where the object was allocated.
  See https://docs.pytest.org/en/stable/how-to/capture-warnings.html#resource-warnings for more info.
    warnings.warn(pytest.PytestUnraisableExceptionWarning(msg))

tests/unit/test_api_games.py::TestCreateGame::test_create_game_4player
  /usr/lib/python3.12/asyncio/streams.py:521: RuntimeWarning: coroutine 'Connection._cancel' was never awaited
    async def _wait_for_data(self, func_name):
  Enable tracemalloc to get traceback where the object was allocated.
  See https://docs.pytest.org/en/stable/how-to/capture-warnings.html#resource-warnings for more info.

tests/unit/test_lobby_websocket.py::TestMultipleHumanPlayers::test_two_humans_receive_game_starting
  /usr/lib/python3.12/enum.py:726: RuntimeWarning: coroutine 'Connection._cancel' was never awaited
    def __call__(cls, value, names=_not_given, *values, module=None, qualname=None, type=None, start=1, boundary=None):
  Enable tracemalloc to get traceback where the object was allocated.
  See https://docs.pytest.org/en/stable/how-to/capture-warnings.html#resource-warnings for more info.

tests/unit/test_s3_service.py::TestUploadProfilePicture::test_accepts_valid_content_types[image/gif]
  /usr/lib/python3.12/unittest/mock.py:590: RuntimeWarning: coroutine 'Connection._cancel' was never awaited
    def __set_side_effect(self, value):
  Enable tracemalloc to get traceback where the object was allocated.
  See https://docs.pytest.org/en/stable/how-to/capture-warnings.html#resource-warnings for more info.

tests/unit/ws/test_handler_routing.py::TestWebSocketAcceptBeforeClose::test_accept_called_before_redirect_close
  /usr/lib/python3.12/unittest/mock.py:368: RuntimeWarning: coroutine 'Connection._cancel' was never awaited
    def _check_and_set_parent(parent, value, name, new_name):
  Enable tracemalloc to get traceback where the object was allocated.
  See https://docs.pytest.org/en/stable/how-to/capture-warnings.html#resource-warnings for more info.

-- Docs: https://docs.pytest.org/en/stable/how-to/capture-warnings.html
================================ tests coverage ================================
_______________ coverage: platform linux, python 3.12.3-final-0 ________________

Name                                               Stmts   Miss  Cover   Missing
--------------------------------------------------------------------------------
src/kfchess/__init__.py                                1      0   100%
src/kfchess/ai/__init__.py                             4      0   100%
src/kfchess/ai/arrival_field.py                      328     27    92%   104-111, 127, 199, 325-330, 491-494, 536, 659-663, 671-672
src/kfchess/ai/base.py                                 7      0   100%
src/kfchess/ai/controller.py                          71      4    94%   79, 146, 155, 161
src/kfchess/ai/dummy.py                               18      1    94%   42
src/kfchess/ai/eval.py                               207     33    84%   91, 240-246, 311-318, 324, 334-341, 347, 391-393, 410-417
src/kfchess/ai/kungfu_ai.py                           12      0   100%
src/kfchess/ai/move_gen.py                           125      1    99%   190
src/kfchess/ai/state_extractor.py                    127      3    98%   109-111
src/kfchess/ai/tactics.py                            226     16    93%   78, 90, 115, 122, 146, 151, 188, 212, 237, 250, 254, 316, 332, 349, 438, 514
src/kfchess/api/__init__.py                            0      0   100%
src/kfchess/api/campaign.py                          110     41    63%   76-78, 92-97, 113-118, 135-161, 173-188, 217, 226-229
src/kfchess/api/games.py                             221     38    83%   166-168, 214, 217-218, 224-225, 229, 240, 254, 290, 309-319, 350-354, 366-367, 473-492
src/kfchess/api/leaderboard.py                        31      7    77%   48-87
src/kfchess/api/lobbies.py                           131     13    90%   121-123, 140, 231-233, 250, 253-256, 287, 297
src/kfchess/api/replays.py                            83     45    46%   70-118, 136-152, 170-186, 202-217
src/kfchess/api/router.py                             14      0   100%
src/kfchess/api/users.py                              94      6    94%   96-106
src/kfchess/auth/__init__.py                           6      0   100%
src/kfchess/auth/backend.py                            8      0   100%
src/kfchess/auth/dependencies.py                      42      0   100%
src/kfchess/auth/email.py                             42      5    88%   33-34, 46-50
src/kfchess/auth/rate_limit.py                        26      2    92%   44, 55
src/kfchess/auth/router.py                            20      0   100%
src/kfchess/auth/schemas.py                           53      6    89%   40, 42, 44, 72, 74, 76
src/kfchess/auth/users.py                            140     14    90%   107-108, 117-120, 129-132, 228-240, 494, 508
src/kfchess/campaign/__init__.py                       5      0   100%
src/kfchess/campaign/board_parser.py                  30      0   100%
src/kfchess/campaign/levels.py                        13      0   100%
src/kfchess/campaign/models.py                        15      0   100%
src/kfchess/campaign/service.py                       41      0   100%
src/kfchess/db/__init__.py                             4      0   100%
src/kfchess/db/models.py                             109      0   100%
src/kfchess/db/repositories/__init__.py                6      0   100%
src/kfchess/db/repositories/active_games.py           47      1    98%   51
src/kfchess/db/repositories/campaign.py               22      0   100%
src/kfchess/db/repositories/lobbies.py               112      7    94%   115, 196, 232, 265, 271, 273, 334
src/kfchess/db/repositories/replay_likes.py           40      0   100%
src/kfchess/db/repositories/replays.py               109     14    87%   135-144, 176-196
src/kfchess/db/repositories/user_game_history.py      24      0   100%
src/kfchess/db/repositories/users.py                  20      5    75%   38, 49-50, 75-78
src/kfchess/db/session.py                             15      1    93%   48
src/kfchess/drain.py                                   9      0   100%
src/kfchess/game/__init__.py                           7      0   100%
src/kfchess/game/board.py                            119      0   100%
src/kfchess/game/collision.py                        167     38    77%   74, 80, 92, 132-135, 142, 148, 154, 176-179, 239, 246-247, 250-251, 324-331, 335, 337, 347, 351, 356, 358, 379-386, 398
src/kfchess/game/elo.py                               81      1    99%   64
src/kfchess/game/engine.py                           370     30    92%   108, 225-226, 231, 410, 516-530, 580-592, 638, 653, 658, 719-723, 761-762, 801, 806, 810
src/kfchess/game/moves.py                            548     53    90%   60, 306-307, 370, 373, 388, 413, 453, 464, 466, 500, 677, 797, 901-929, 1048, 1090, 1140, 1143, 1147-1148, 1160-1162, 1169, 1228, 1231, 1235-1236, 1248-1250, 1257
src/kfchess/game/pieces.py                            47      0   100%
src/kfchess/game/replay.py                            88      1    99%   309
src/kfchess/game/snapshot.py                          24      0   100%
src/kfchess/game/state.py                            114      8    93%   76, 81, 96, 101, 225-228
src/kfchess/lobby/__init__.py                          0      0   100%
src/kfchess/lobby/manager.py                          10      0   100%
src/kfchess/lobby/models.py                          109      3    97%   190, 201, 212
src/kfchess/main.py                                  188    124    34%   75-288, 371
src/kfchess/redis/__init__.py                          0      0   100%
src/kfchess/redis/client.py                           17      0   100%
src/kfchess/redis/heartbeat.py                        40      2    95%   37-38
src/kfchess/redis/lobby_store.py                     659    151    77%   138, 226-227, 253, 256, 279-280, 285-286, 290-291, 320-325, 345-346, 350-351, 365-370, 388-389, 413-418, 422, 432-438, 463-464, 468-469, 472-473, 476-477, 492, 512-513, 517-518, 525-526, 529-530, 572-577, 597-598, 602-603, 606-607, 615-616, 636-641, 661-662, 666-667, 670-671, 678-679, 687-688, 706-711, 729-730, 734-735, 738-739, 743-744, 751-752, 763-768, 787-788, 792-793, 796-797, 800-801, 805-806, 809-810, 823-828, 852-853, 857-858, 865-866, 902-907, 924-925, 948-953, 966-967, 981-986, 1014-1015, 1018, 1026
src/kfchess/redis/routing.py                          47      0   100%
src/kfchess/redis/snapshot_store.py                   34      0   100%
src/kfchess/replay/__init__.py                         2      0   100%
src/kfchess/replay/session.py                        201     20    90%   125-129, 253, 256, 274-277, 288-289, 317, 339, 385, 447, 508, 538, 552
src/kfchess/services/__init__.py                       0      0   100%
src/kfchess/services/game_registry.py                 82     37    55%   64-70, 105-106, 126-128, 131, 161-165, 170-179, 185-188, 198-205
src/kfchess/services/game_service.py                 332     23    93%   122, 206, 276, 355-357, 369-374, 424, 518, 537, 549, 597, 680, 691, 715, 750, 755, 775, 784, 822-823
src/kfchess/services/rating_service.py                68      3    96%   132-136, 155
src/kfchess/services/s3.py                            46      5    89%   47-55, 105
src/kfchess/settings.py                               40      2    95%   68, 79
src/kfchess/utils/__init__.py                          0      0   100%
src/kfchess/utils/display_name.py                     75      4    95%   43-44, 111-114
src/kfchess/ws/__init__.py                             0      0   100%
src/kfchess/ws/handler.py                            561    260    54%   253, 261-262, 266-269, 279-289, 348, 361, 369, 391-394, 406-407, 428, 522, 553-555, 629, 631, 665-683, 699-702, 707, 711, 734-742, 754-770, 789-860, 870-895, 898-900, 906-908, 914-920, 933-946, 962-1000, 1013-1029, 1070-1071, 1083-1088, 1102-1329
src/kfchess/ws/lobby_handler.py                      281     40    86%   118-120, 143-144, 172-174, 201-202, 279-282, 313-316, 335-338, 363-366, 372-373, 386-389, 394-397, 416-419, 462-465, 512, 514, 532, 536, 587, 604, 648-657, 676
src/kfchess/ws/protocol.py                            99      1    99%   206
src/kfchess/ws/replay_handler.py                      66     56    15%   47-62, 80-155
--------------------------------------------------------------------------------
TOTAL                                               7290   1152    84%
Coverage HTML written to dir coverage_html
=============== 1257 passed, 6 deselected, 5 warnings in 14.67s ================
